System.Net Verbose: 0 : [3148] WebRequest::Create(https://directory.securecode.com/)
System.Net Verbose: 0 : [3148] HttpWebRequest#48285313::HttpWebRequest(https://directory.securecode.com/#-861540656)
System.Net Verbose: 0 : [3148] Exiting HttpWebRequest#48285313::HttpWebRequest() 
System.Net Verbose: 0 : [3148] Exiting WebRequest::Create() 	-> HttpWebRequest#48285313
System.Net Verbose: 0 : [3148] HttpWebRequest#48285313::GetRequestStream()
System.Net Information: 0 : [3148] Associating HttpWebRequest#48285313 with ServicePoint#31914638
System.Net Information: 0 : [3148] Associating Connection#18796293 with HttpWebRequest#48285313
System.Net.Sockets Verbose: 0 : [3148] Socket#34948909::Socket(InterNetwork#2)
System.Net.Sockets Verbose: 0 : [3148] Exiting Socket#34948909::Socket() 
System.Net.Sockets Verbose: 0 : [3148] Socket#46104728::Socket(InterNetworkV6#23)
System.Net.Sockets Verbose: 0 : [3148] Exiting Socket#46104728::Socket() 
System.Net.Sockets Verbose: 0 : [3148] Socket#34948909::Connect(12:443#211490743)
System.Net.Sockets Verbose: 0 : [3148] Exiting Socket#34948909::Connect() 
System.Net.Sockets Verbose: 0 : [3148] Socket#46104728::Close()
System.Net.Sockets Verbose: 0 : [3148] Socket#46104728::Dispose()
System.Net.Sockets Verbose: 0 : [3148] Exiting Socket#46104728::Close() 
System.Net Information: 0 : [3148] TlsStream#12289376::.ctor(host=directory.securecode.com, #certs=1)
System.Net Information: 0 : [3148] Associating HttpWebRequest#48285313 with ConnectStream#43495525
System.Net Information: 0 : [3148] HttpWebRequest#48285313 - Request: POST / HTTP/1.1

System.Net Information: 0 : [3148] SecureChannel#55915408::.ctor(hostname=directory.securecode.com, #clientCertificates=1)
System.Net Information: 0 : [3148] Enumerating security packages:
System.Net Information: 0 : [3148]     Negotiate
System.Net Information: 0 : [3148]     NegoExtender
System.Net Information: 0 : [3148]     Kerberos
System.Net Information: 0 : [3148]     NTLM
System.Net Information: 0 : [3148]     Schannel
System.Net Information: 0 : [3148]     Microsoft Unified Security Protocol Provider
System.Net Information: 0 : [3148]     WDigest
System.Net Information: 0 : [3148]     TSSSP
System.Net Information: 0 : [3148]     pku2u
System.Net Information: 0 : [3148]     LiveSSP
System.Net Information: 0 : [3148]     CREDSSP
System.Net Information: 0 : [3148] SecureChannel#55915408 - Attempting to restart the session using the user-provided certificate: [Version]
  V3

[Subject]
  CN=rt03.Kasikornbank.com, OU=Retail and SME E-Business Department (RE)., O="541176:KASIKORNBANK PUBLIC CO.,LTD.", C=TH
  Simple Name: rt03.Kasikornbank.com
  DNS Name: rt03.Kasikornbank.com

[Issuer]
  CN=PRD MC SecureCode Acquirer Sub CA, OU=MasterCard Worldwide SecureCode Gen 2, O=MasterCard Worldwide, C=US
  Simple Name: PRD MC SecureCode Acquirer Sub CA
  DNS Name: PRD MC SecureCode Acquirer Sub CA

[Serial Number]
  105201CE33FFA440B6BF3A7D3BAAEC46

[Not Before]
  9/20/2012 4:57:33 PM

[Not After]
  6/20/2025 4:16:18 PM

[Thumbprint]
  0E93C36E5626C8131423CC57407F40379FD1ED11

[Signature Algorithm]
  sha1RSA(1.2.840.113549.1.1.5)

[Public Key]
  Algorithm: RSA
  Length: 2048
  Key Blob: 30 82 01 0a 02 82 01 01 00 ce af 7f d2 f0 ca f8 06 c5 1e 19 07 bf 4a 3b ef d0 b9 d9 e6 6e e8 a9 aa c2 5c 2e a5 de 62 d5 06 6a 80 f4 32 2f cc 5f ef fb aa a9 9b 5e 08 f1 ee 57 f3 bb 6d 71 d7 f5 d6 f8 3a 42 9c 25 97 a9 33 73 33 54 61 e9 ce 0f 07 7d 09 9e 46 c8 cf ....
System.Net Information: 0 : [3148] SecureChannel#55915408 - Left with 1 client certificates to choose from.
System.Net Information: 0 : [3148] SecureChannel#55915408 - Trying to find a matching certificate in the certificate store.
System.Net Information: 0 : [3148] SecureChannel#55915408 - Locating the private key for the certificate: [Version]
  V3

[Subject]
  CN=rt03.Kasikornbank.com, OU=Retail and SME E-Business Department (RE)., O="541176:KASIKORNBANK PUBLIC CO.,LTD.", C=TH
  Simple Name: rt03.Kasikornbank.com
  DNS Name: rt03.Kasikornbank.com

[Issuer]
  CN=PRD MC SecureCode Acquirer Sub CA, OU=MasterCard Worldwide SecureCode Gen 2, O=MasterCard Worldwide, C=US
  Simple Name: PRD MC SecureCode Acquirer Sub CA
  DNS Name: PRD MC SecureCode Acquirer Sub CA

[Serial Number]
  105201CE33FFA440B6BF3A7D3BAAEC46

[Not Before]
  9/20/2012 4:57:33 PM

[Not After]
  6/20/2025 4:16:18 PM

[Thumbprint]
  0E93C36E5626C8131423CC57407F40379FD1ED11

[Signature Algorithm]
  sha1RSA(1.2.840.113549.1.1.5)

[Public Key]
  Algorithm: RSA
  Length: 2048
  Key Blob: 30 82 01 0a 02 82 01 01 00 ce af 7f d2 f0 ca f8 06 c5 1e 19 07 bf 4a 3b ef d0 b9 d9 e6 6e e8 a9 aa c2 5c 2e a5 de 62 d5 06 6a 80 f4 32 2f cc 5f ef fb aa a9 9b 5e 08 f1 ee 57 f3 bb 6d 71 d7 f5 d6 f8 3a 42 9c 25 97 a9 33 73 33 54 61 e9 ce 0f 07 7d 09 9e 46 c8 cf ....
System.Net Information: 0 : [3148] SecureChannel#55915408 - Certificate is of type X509Certificate2 and contains the private key.
System.Net Information: 0 : [3148] AcquireCredentialsHandle(package = Microsoft Unified Security Protocol Provider, intent  = Outbound, scc     = System.Net.SecureCredential)
System.Net Information: 0 : [3148] InitializeSecurityContext(credential = System.Net.SafeFreeCredential_SECURITY, context = (null), targetName = directory.securecode.com, inFlags = ReplayDetect, SequenceDetect, Confidentiality, AllocateMemory, InitManualCredValidation)
System.Net Information: 0 : [3148] InitializeSecurityContext(In-Buffer length=0, Out-Buffer length=128, returned code=ContinueNeeded).
System.Net.Sockets Verbose: 0 : [3148] Socket#34948909::Send()
System.Net.Sockets Verbose: 0 : [3148] Data from Socket#34948909::Send
System.Net.Sockets Verbose: 0 : [3148] 00000000 : 16 03 01 00 7B 01 00 00-77 03 01 50 63 08 DD F6 : ....{...w..Pc...
System.Net.Sockets Verbose: 0 : [3148] 00000010 : C8 52 4E 8D F3 4D 06 F9-49 AA 44 C4 1C ED 8B 02 : .RN..M..I.D.....
System.Net.Sockets Verbose: 0 : [3148] 00000020 : D5 9E 6D C8 BF C0 5C 38-3A 04 4F 00 00 18 00 2F : ..m...\8:.O..../
System.Net.Sockets Verbose: 0 : [3148] 00000030 : 00 35 00 05 00 0A C0 13-C0 14 C0 09 C0 0A 00 32 : .5.............2
System.Net.Sockets Verbose: 0 : [3148] 00000040 : 00 38 00 13 00 04 01 00-00 36 FF 01 00 01 00 00 : .8.......6......
System.Net.Sockets Verbose: 0 : [3148] 00000050 : 00 00 1D 00 1B 00 00 18-64 69 72 65 63 74 6F 72 : ........director
System.Net.Sockets Verbose: 0 : [3148] 00000060 : 79 2E 73 65 63 75 72 65-63 6F 64 65 2E 63 6F 6D : y.securecode.com
System.Net.Sockets Verbose: 0 : [3148] 00000070 : 00 0A 00 06 00 04 00 17-00 18 00 0B 00 02 01 00 : ................
System.Net.Sockets Verbose: 0 : [3148] Exiting Socket#34948909::Send() 	-> 128#128
System.Net.Sockets Verbose: 0 : [3148] Socket#34948909::Receive()
System.Net.Sockets Verbose: 0 : [3148] Data from Socket#34948909::Receive
System.Net.Sockets Verbose: 0 : [3148] 00000000 : 16 03 01 00 4A                                  : ....J
System.Net.Sockets Verbose: 0 : [3148] Exiting Socket#34948909::Receive() 	-> 5#5
System.Net.Sockets Verbose: 0 : [3148] Socket#34948909::Receive()
System.Net.Sockets Verbose: 0 : [3148] Data from Socket#34948909::Receive
System.Net.Sockets Verbose: 0 : [3148] 00000005 : 02 00 00 46 03 01 50 63-08 E1 34 FF D4 FF 61 6A : ...F..Pc..4...aj
System.Net.Sockets Verbose: 0 : [3148] 00000015 : 30 C0 15 D9 85 87 E7 50-ED 0C FC 3A DA DA CF 5F : 0......P...:..._
System.Net.Sockets Verbose: 0 : [3148] 00000025 : 45 D4 E6 77 08 E5 20 91-1E BD FF 62 36 DF 6C 6D : E..w.. ....b6.lm
System.Net.Sockets Verbose: 0 : [3148] 00000035 : 32 F6 67 57 C3 67 5C C8-D8 91 8B F6 6B 9B D2 A9 : 2.gW.g\.....k...
System.Net.Sockets Verbose: 0 : [3148] 00000045 : E6 96 70 3F B4 2F 0F 00-05 00                   : ..p?./....
System.Net.Sockets Verbose: 0 : [3148] Exiting Socket#34948909::Receive() 	-> 74#74
System.Net Information: 0 : [3148] InitializeSecurityContext(credential = System.Net.SafeFreeCredential_SECURITY, context = 2158320:1f0ee70, targetName = directory.securecode.com, inFlags = ReplayDetect, SequenceDetect, Confidentiality, AllocateMemory, InitManualCredValidation)
System.Net Information: 0 : [3148] InitializeSecurityContext(In-Buffers count=2, Out-Buffer length=0, returned code=ContinueNeeded).
System.Net.Sockets Verbose: 0 : [3148] Socket#34948909::Receive()
System.Net.Sockets Verbose: 0 : [3148] Data from Socket#34948909::Receive
System.Net.Sockets Verbose: 0 : [3148] 00000000 : 16 03 01 06 0B                                  : .....
System.Net.Sockets Verbose: 0 : [3148] Exiting Socket#34948909::Receive() 	-> 5#5
System.Net.Sockets Verbose: 0 : [3148] Socket#34948909::Receive()
System.Net.Sockets Verbose: 0 : [3148] Data from Socket#34948909::Receive
System.Net.Sockets Verbose: 0 : [3148] (printing 1024 out of 1547)
System.Net.Sockets Verbose: 0 : [3148] 00000005 : 0B 00 06 07 00 06 04 00-03 70 30 82 03 6C 30 82 : .........p0..l0.
System.Net.Sockets Verbose: 0 : [3148] 00000015 : 02 D5 A0 03 02 01 02 02-11 00 EC DA 80 6F D8 28 : .............o.(
System.Net.Sockets Verbose: 0 : [3148] 00000025 : 89 75 5A 92 E2 61 22 D3-6D 3A 30 0D 06 09 2A 86 : .uZ..a".m:0...*.
System.Net.Sockets Verbose: 0 : [3148] 00000035 : 48 86 F7 0D 01 01 05 05-00 30 81 85 31 0B 30 09 : H........0..1.0.
System.Net.Sockets Verbose: 0 : [3148] 00000045 : 06 03 55 04 06 13 02 55-53 31 1D 30 1B 06 03 55 : ..U....US1.0...U
System.Net.Sockets Verbose: 0 : [3148] 00000055 : 04 0A 13 14 4D 61 73 74-65 72 43 61 72 64 20 57 : ....MasterCard W
System.Net.Sockets Verbose: 0 : [3148] 00000065 : 6F 72 6C 64 77 69 64 65-31 39 30 37 06 03 55 04 : orldwide1907..U.
System.Net.Sockets Verbose: 0 : [3148] 00000075 : 0B 13 30 4D 61 73 74 65-72 43 61 72 64 20 57 6F : ..0MasterCard Wo
System.Net.Sockets Verbose: 0 : [3148] 00000085 : 72 6C 64 77 69 64 65 20-53 65 63 75 72 65 43 6F : rldwide SecureCo
System.Net.Sockets Verbose: 0 : [3148] 00000095 : 64 65 20 44 69 72 65 63-74 6F 72 79 20 53 65 72 : de Directory Ser
System.Net.Sockets Verbose: 0 : [3148] 000000A5 : 76 65 72 31 1C 30 1A 06-03 55 04 03 13 13 50 52 : ver1.0...U....PR
System.Net.Sockets Verbose: 0 : [3148] 000000B5 : 44 20 4D 43 20 44 69 72-65 63 74 6F 72 79 20 43 : D MC Directory C
System.Net.Sockets Verbose: 0 : [3148] 000000C5 : 41 30 1E 17 0D 30 39 30-31 31 33 31 30 35 30 30 : A0...09011310500
System.Net.Sockets Verbose: 0 : [3148] 000000D5 : 35 5A 17 0D 31 33 30 31-31 33 31 30 35 30 30 35 : 5Z..130113105005
System.Net.Sockets Verbose: 0 : [3148] 000000E5 : 5A 30 81 9A 31 0B 30 09-06 03 55 04 06 13 02 55 : Z0..1.0...U....U
System.Net.Sockets Verbose: 0 : [3148] 000000F5 : 53 31 11 30 0F 06 03 55-04 08 13 08 4D 69 73 73 : S1.0...U....Miss
System.Net.Sockets Verbose: 0 : [3148] 00000105 : 6F 75 72 69 31 14 30 12-06 03 55 04 07 13 0B 53 : ouri1.0...U....S
System.Net.Sockets Verbose: 0 : [3148] 00000115 : 61 69 6E 74 20 4C 6F 75-69 73 31 29 30 27 06 03 : aint Louis1)0'..
System.Net.Sockets Verbose: 0 : [3148] 00000125 : 55 04 0A 13 20 4D 61 73-74 65 72 63 61 72 64 20 : U... Mastercard 
System.Net.Sockets Verbose: 0 : [3148] 00000135 : 57 6F 72 6C 64 77 69 64-65 20 2D 20 44 69 72 65 : Worldwide - Dire
System.Net.Sockets Verbose: 0 : [3148] 00000145 : 63 74 6F 72 79 31 14 30-12 06 03 55 04 0B 13 0B : ctory1.0...U....
System.Net.Sockets Verbose: 0 : [3148] 00000155 : 50 72 6F 64 75 63 74 69-6F 6E 32 31 21 30 1F 06 : Production21!0..
System.Net.Sockets Verbose: 0 : [3148] 00000165 : 03 55 04 03 13 18 64 69-72 65 63 74 6F 72 79 2E : .U....directory.
System.Net.Sockets Verbose: 0 : [3148] 00000175 : 73 65 63 75 72 65 63 6F-64 65 2E 63 6F 6D 30 81 : securecode.com0.
System.Net.Sockets Verbose: 0 : [3148] 00000185 : 9F 30 0D 06 09 2A 86 48-86 F7 0D 01 01 01 05 00 : .0...*.H........
System.Net.Sockets Verbose: 0 : [3148] 00000195 : 03 81 8D 00 30 81 89 02-81 81 00 AB D1 1D FD A2 : ....0...........
System.Net.Sockets Verbose: 0 : [3148] 000001A5 : DE D8 76 4D 39 E1 4C 55-30 7E 6A 70 20 46 8A A4 : ..vM9.LU0~jp F..
System.Net.Sockets Verbose: 0 : [3148] 000001B5 : 05 F1 03 04 9B 4B FC 1E-DB 7B 81 A9 5C C1 12 66 : .....K...{..\..f
System.Net.Sockets Verbose: 0 : [3148] 000001C5 : E4 46 A3 87 07 CE 7F 0D-2F AE C1 42 6A 7C 69 46 : .F....../..Bj|iF
System.Net.Sockets Verbose: 0 : [3148] 000001D5 : A9 E2 A2 44 18 A9 74 45-84 50 3A E8 E6 62 3C BC : ...D..tE.P:..b<.
System.Net.Sockets Verbose: 0 : [3148] 000001E5 : 8B 47 63 35 9B 02 7A 10-90 8A BD EB 8C DC 7D 4D : .Gc5..z.......}M
System.Net.Sockets Verbose: 0 : [3148] 000001F5 : 41 9C 37 BB 4D 39 87 B8-4D 2F A7 4B FF 6D F0 7D : A.7.M9..M/.K.m.}
System.Net.Sockets Verbose: 0 : [3148] 00000205 : 05 6E B8 CD 49 BD 1D 06-88 D5 3E A9 18 C0 9D 26 : .n..I.....>....&
System.Net.Sockets Verbose: 0 : [3148] 00000215 : 18 5E 32 E7 55 89 1B 81-DE 64 35 02 03 01 00 01 : .^2.U....d5.....
System.Net.Sockets Verbose: 0 : [3148] 00000225 : A3 81 C4 30 81 C1 30 1D-06 03 55 1D 25 04 16 30 : ...0..0...U.%..0
System.Net.Sockets Verbose: 0 : [3148] 00000235 : 14 06 08 2B 06 01 05 05-07 03 02 06 08 2B 06 01 : ...+.........+..
System.Net.Sockets Verbose: 0 : [3148] 00000245 : 05 05 07 03 01 30 0C 06-03 55 1D 0F 04 05 03 03 : .....0...U......
System.Net.Sockets Verbose: 0 : [3148] 00000255 : 07 A0 00 30 4D 06 03 55-1D 20 04 46 30 44 30 42 : ...0M..U. .F0D0B
System.Net.Sockets Verbose: 0 : [3148] 00000265 : 06 09 2A 86 48 86 F7 0D-05 06 01 30 35 30 33 06 : ..*.H......0503.
System.Net.Sockets Verbose: 0 : [3148] 00000275 : 08 2B 06 01 05 05 07 02-01 16 27 68 74 74 70 3A : .+........'http:
System.Net.Sockets Verbose: 0 : [3148] 00000285 : 2F 2F 63 65 72 74 69 66-69 63 61 74 65 73 2E 6D : //certificates.m
System.Net.Sockets Verbose: 0 : [3148] 00000295 : 61 73 74 65 72 63 61 72-64 2E 63 6F 6D 2F 43 50 : astercard.com/CP
System.Net.Sockets Verbose: 0 : [3148] 000002A5 : 53 2F 30 09 06 03 55 1D-13 04 02 30 00 30 38 06 : S/0...U....0.08.
System.Net.Sockets Verbose: 0 : [3148] 000002B5 : 03 55 1D 1F 04 31 30 2F-30 2D A0 2B A0 29 86 27 : .U...10/0-.+.).'
System.Net.Sockets Verbose: 0 : [3148] 000002C5 : 68 74 74 70 3A 2F 2F 63-65 72 74 69 66 69 63 61 : http://certifica
System.Net.Sockets Verbose: 0 : [3148] 000002D5 : 74 65 73 2E 6D 61 73 74-65 72 63 61 72 64 2E 63 : tes.mastercard.c
System.Net.Sockets Verbose: 0 : [3148] 000002E5 : 6F 6D 2F 53 43 44 2F 30-0D 06 09 2A 86 48 86 F7 : om/SCD/0...*.H..
System.Net.Sockets Verbose: 0 : [3148] 000002F5 : 0D 01 01 05 05 00 03 81-81 00 4D 27 34 A5 E0 32 : ..........M'4..2
System.Net.Sockets Verbose: 0 : [3148] 00000305 : 97 75 D7 E3 11 AF 1A 45-73 C1 A0 3F 3C 26 F5 9A : .u.....Es..?<&..
System.Net.Sockets Verbose: 0 : [3148] 00000315 : 6C A3 E7 D1 1E 44 36 41-94 D4 A0 D2 55 48 43 96 : l....D6A....UHC.
System.Net.Sockets Verbose: 0 : [3148] 00000325 : 64 30 C1 FD C3 63 47 DD-30 BB D0 8A 04 CA E6 C1 : d0...cG.0.......
System.Net.Sockets Verbose: 0 : [3148] 00000335 : 58 9A B1 CA C8 B7 F6 D8-C8 FB 0B 07 A4 38 E8 D1 : X............8..
System.Net.Sockets Verbose: 0 : [3148] 00000345 : 4C 98 D7 C6 20 83 63 F9-B8 E8 17 6D 13 52 E9 15 : L... .c....m.R..
System.Net.Sockets Verbose: 0 : [3148] 00000355 : 67 51 97 14 01 66 49 56-A7 89 8A DF EA 83 12 C2 : gQ...fIV........
System.Net.Sockets Verbose: 0 : [3148] 00000365 : A0 B7 8D 54 36 0C 85 7C-BE 05 61 54 57 9C 8F 1F : ...T6..|..aTW...
System.Net.Sockets Verbose: 0 : [3148] 00000375 : 41 22 E2 C2 A1 63 85 BB-23 C6 00 02 8E 30 82 02 : A"...c..#....0..
System.Net.Sockets Verbose: 0 : [3148] 00000385 : 8A 30 82 01 F3 02 10 59-D5 68 37 26 E1 BE 86 95 : .0.....Y.h7&....
System.Net.Sockets Verbose: 0 : [3148] 00000395 : 37 AC F6 8E 3B 5B 18 30-0D 06 09 2A 86 48 86 F7 : 7...;[.0...*.H..
System.Net.Sockets Verbose: 0 : [3148] 000003A5 : 0D 01 01 05 05 00 30 81-85 31 0B 30 09 06 03 55 : ......0..1.0...U
System.Net.Sockets Verbose: 0 : [3148] 000003B5 : 04 06 13 02 55 53 31 1D-30 1B 06 03 55 04 0A 13 : ....US1.0...U...
System.Net.Sockets Verbose: 0 : [3148] 000003C5 : 14 4D 61 73 74 65 72 43-61 72 64 20 57 6F 72 6C : .MasterCard Worl
System.Net.Sockets Verbose: 0 : [3148] 000003D5 : 64 77 69 64 65 31 39 30-37 06 03 55 04 0B 13 30 : dwide1907..U...0
System.Net.Sockets Verbose: 0 : [3148] 000003E5 : 4D 61 73 74 65 72 43 61-72 64 20 57 6F 72 6C 64 : MasterCard World
System.Net.Sockets Verbose: 0 : [3148] 000003F5 : 77 69 64 65 20 53 65 63-75 72 65 43 6F 64 65 20 : wide SecureCode 
System.Net.Sockets Verbose: 0 : [3148] Exiting Socket#34948909::Receive() 	-> 1547#1547
System.Net Information: 0 : [3148] InitializeSecurityContext(credential = System.Net.SafeFreeCredential_SECURITY, context = 2158320:1f0ee70, targetName = directory.securecode.com, inFlags = ReplayDetect, SequenceDetect, Confidentiality, AllocateMemory, InitManualCredValidation)
System.Net Information: 0 : [3148] InitializeSecurityContext(In-Buffers count=2, Out-Buffer length=0, returned code=ContinueNeeded).
System.Net.Sockets Verbose: 0 : [3148] Socket#34948909::Receive()
System.Net.Sockets Verbose: 0 : [3148] Data from Socket#34948909::Receive
System.Net.Sockets Verbose: 0 : [3148] 00000000 : 16 03 01 02 1A                                  : .....
System.Net.Sockets Verbose: 0 : [3148] Exiting Socket#34948909::Receive() 	-> 5#5
System.Net.Sockets Verbose: 0 : [3148] Socket#34948909::Receive()
System.Net.Sockets Verbose: 0 : [3148] Data from Socket#34948909::Receive
System.Net.Sockets Verbose: 0 : [3148] 00000005 : 0D 00 02 12 02 01 02 02-0D 00 A4 30 81 A1 31 0B : ...........0..1.
System.Net.Sockets Verbose: 0 : [3148] 00000015 : 30 09 06 03 55 04 06 13-02 55 53 31 21 30 1F 06 : 0...U....US1!0..
System.Net.Sockets Verbose: 0 : [3148] 00000025 : 03 55 04 0A 13 18 4D 61-73 74 65 72 43 61 72 64 : .U....MasterCard
System.Net.Sockets Verbose: 0 : [3148] 00000035 : 20 49 6E 74 65 72 6E 61-74 69 6F 6E 61 6C 31 32 :  International12
System.Net.Sockets Verbose: 0 : [3148] 00000045 : 30 30 06 03 55 04 0B 13-29 4D 61 73 74 65 72 43 : 00..U...)MasterC
System.Net.Sockets Verbose: 0 : [3148] 00000055 : 61 72 64 20 49 6E 74 65-72 6E 61 74 69 6F 6E 61 : ard Internationa
System.Net.Sockets Verbose: 0 : [3148] 00000065 : 6C 20 53 65 63 75 72 65-43 6F 64 65 20 47 65 6E : l SecureCode Gen
System.Net.Sockets Verbose: 0 : [3148] 00000075 : 20 31 31 3B 30 39 06 03-55 04 03 13 32 4D 61 73 :  11;09..U...2Mas
System.Net.Sockets Verbose: 0 : [3148] 00000085 : 74 65 72 43 61 72 64 20-53 65 63 75 72 65 43 6F : terCard SecureCo
System.Net.Sockets Verbose: 0 : [3148] 00000095 : 64 65 20 52 6F 6F 74 20-43 65 72 74 69 66 69 63 : de Root Certific
System.Net.Sockets Verbose: 0 : [3148] 000000A5 : 61 74 69 6F 6E 20 41 75-74 68 6F 72 69 74 79 00 : ation Authority.
System.Net.Sockets Verbose: 0 : [3148] 000000B5 : B1 30 81 AE 31 13 30 11-06 0A 09 92 26 89 93 F2 : .0..1.0.....&...
System.Net.Sockets Verbose: 0 : [3148] 000000C5 : 2C 64 01 19 16 03 63 6F-6D 31 1A 30 18 06 0A 09 : ,d....com1.0....
System.Net.Sockets Verbose: 0 : [3148] 000000D5 : 92 26 89 93 F2 2C 64 01-19 16 0A 6D 61 73 74 65 : .&...,d....maste
System.Net.Sockets Verbose: 0 : [3148] 000000E5 : 72 63 61 72 64 31 1D 30-1B 06 03 55 04 0A 13 14 : rcard1.0...U....
System.Net.Sockets Verbose: 0 : [3148] 000000F5 : 4D 61 73 74 65 72 43 61-72 64 20 57 6F 72 6C 64 : MasterCard World
System.Net.Sockets Verbose: 0 : [3148] 00000105 : 57 69 64 65 31 24 30 22-06 03 55 04 0B 13 1B 47 : Wide1$0"..U....G
System.Net.Sockets Verbose: 0 : [3148] 00000115 : 6C 6F 62 61 6C 20 49 6E-66 6F 72 6D 61 74 69 6F : lobal Informatio
System.Net.Sockets Verbose: 0 : [3148] 00000125 : 6E 20 53 65 63 75 72 69-74 79 31 36 30 34 06 03 : n Security1604..
System.Net.Sockets Verbose: 0 : [3148] 00000135 : 55 04 03 13 2D 50 52 44-20 4D 43 20 50 72 6F 64 : U...-PRD MC Prod
System.Net.Sockets Verbose: 0 : [3148] 00000145 : 75 63 74 69 6F 6E 20 4E-65 74 77 6F 72 6B 20 41 : uction Network A
System.Net.Sockets Verbose: 0 : [3148] 00000155 : 70 70 6C 69 63 61 74 69-6F 6E 73 20 73 75 62 20 : pplications sub 
System.Net.Sockets Verbose: 0 : [3148] 00000165 : 43 41 00 B2 30 81 AF 31-13 30 11 06 0A 09 92 26 : CA..0..1.0.....&
System.Net.Sockets Verbose: 0 : [3148] 00000175 : 89 93 F2 2C 64 01 19 16-03 63 6F 6D 31 1A 30 18 : ...,d....com1.0.
System.Net.Sockets Verbose: 0 : [3148] 00000185 : 06 0A 09 92 26 89 93 F2-2C 64 01 19 16 0A 6D 61 : ....&...,d....ma
System.Net.Sockets Verbose: 0 : [3148] 00000195 : 73 74 65 72 63 61 72 64-31 1D 30 1B 06 03 55 04 : stercard1.0...U.
System.Net.Sockets Verbose: 0 : [3148] 000001A5 : 0A 13 14 4D 61 73 74 65-72 43 61 72 64 20 57 6F : ...MasterCard Wo
System.Net.Sockets Verbose: 0 : [3148] 000001B5 : 72 6C 64 57 69 64 65 31-24 30 22 06 03 55 04 0B : rldWide1$0"..U..
System.Net.Sockets Verbose: 0 : [3148] 000001C5 : 13 1B 47 6C 6F 62 61 6C-20 49 6E 66 6F 72 6D 61 : ..Global Informa
System.Net.Sockets Verbose: 0 : [3148] 000001D5 : 74 69 6F 6E 20 53 65 63-75 72 69 74 79 31 37 30 : tion Security170
System.Net.Sockets Verbose: 0 : [3148] 000001E5 : 35 06 03 55 04 03 13 2E-50 52 44 20 4D 43 20 50 : 5..U....PRD MC P
System.Net.Sockets Verbose: 0 : [3148] 000001F5 : 72 6F 64 75 63 74 69 6F-6E 20 4E 65 74 77 6F 72 : roduction Networ
System.Net.Sockets Verbose: 0 : [3148] 00000205 : 6B 20 41 70 70 6C 69 63-61 74 69 6F 6E 73 20 72 : k Applications r
System.Net.Sockets Verbose: 0 : [3148] 00000215 : 6F 6F 74 20 43 41 0E 00-00 00                   : oot CA....
System.Net.Sockets Verbose: 0 : [3148] Exiting Socket#34948909::Receive() 	-> 538#538
System.Net Information: 0 : [3148] InitializeSecurityContext(credential = System.Net.SafeFreeCredential_SECURITY, context = 2158320:1f0ee70, targetName = directory.securecode.com, inFlags = ReplayDetect, SequenceDetect, Confidentiality, AllocateMemory, InitManualCredValidation)
System.Net Information: 0 : [3148] InitializeSecurityContext(In-Buffers count=2, Out-Buffer length=0, returned code=CredentialsNeeded).
System.Net Information: 0 : [3148] SecureChannel#55915408 - We have user-provided certificates. The server has specified 3 issuer(s). Looking for certificates that match any of the issuers.
System.Net Information: 0 : [3148] SecureChannel#55915408 - Left with 0 client certificates to choose from.
System.Net Information: 0 : [3148] Using the cached credential handle.
System.Net Information: 0 : [3148] InitializeSecurityContext(credential = System.Net.SafeFreeCredential_SECURITY, context = 2158320:1f0ee70, targetName = directory.securecode.com, inFlags = ReplayDetect, SequenceDetect, Confidentiality, AllocateMemory, InitManualCredValidation)
System.Net Information: 0 : [3148] InitializeSecurityContext(In-Buffers count=2, Out-Buffer length=193, returned code=ContinueNeeded).
System.Net.Sockets Verbose: 0 : [3148] Socket#34948909::Send()
System.Net.Sockets Verbose: 0 : [3148] Data from Socket#34948909::Send
System.Net.Sockets Verbose: 0 : [3148] 00000000 : 16 03 01 00 8D 0B 00 00-03 00 00 00 10 00 00 82 : ................
System.Net.Sockets Verbose: 0 : [3148] 00000010 : 00 80 52 50 D2 3B 20 94-36 91 E5 89 2A 58 4D A9 : ..RP.; .6...*XM.
System.Net.Sockets Verbose: 0 : [3148] 00000020 : A3 59 30 1E FB A6 B3 94-5F C8 4F 4D A1 86 9D B9 : .Y0....._.OM....
System.Net.Sockets Verbose: 0 : [3148] 00000030 : BA DC 36 2C 7A B6 ED C3-7A 00 53 85 F4 02 84 F0 : ..6,z...z.S.....
System.Net.Sockets Verbose: 0 : [3148] 00000040 : C1 4F B5 54 D7 F6 18 A3-76 00 18 A8 EF E7 9C B8 : .O.T....v.......
System.Net.Sockets Verbose: 0 : [3148] 00000050 : 85 70 7F A1 D6 4C 57 84-ED 7F 40 33 12 8A 63 12 : .p...LW...@3..c.
System.Net.Sockets Verbose: 0 : [3148] 00000060 : C9 AB 27 AF 54 5E AA E3-3D B9 6F 52 97 3E 94 03 : ..'.T^..=.oR.>..
System.Net.Sockets Verbose: 0 : [3148] 00000070 : B8 C3 93 63 61 BE 0C 33-AD DA 88 EA 39 30 0D CB : ...ca..3....90..
System.Net.Sockets Verbose: 0 : [3148] 00000080 : 3D EB 94 AF 66 07 E7 BB-C8 8C 81 20 44 AA 80 A8 : =...f...... D...
System.Net.Sockets Verbose: 0 : [3148] 00000090 : E2 90 14 03 01 00 01 01-16 03 01 00 24 7A C0 4F : ............$z.O
System.Net.Sockets Verbose: 0 : [3148] 000000A0 : FB F8 2B 96 74 2E FA 1D-2D 87 D4 A5 1C C7 20 01 : ..+.t...-..... .
System.Net.Sockets Verbose: 0 : [3148] 000000B0 : 5A 44 63 C6 B5 4F AD C6-6B 6D 41 F8 68 14 9D AE : ZDc..O..kmA.h...
System.Net.Sockets Verbose: 0 : [3148] 000000C0 : 45                                              : E
System.Net.Sockets Verbose: 0 : [3148] Exiting Socket#34948909::Send() 	-> 193#193
System.Net.Sockets Verbose: 0 : [3148] Socket#34948909::Receive()
System.Net.Sockets Verbose: 0 : [3148] Data from Socket#34948909::Receive
System.Net.Sockets Verbose: 0 : [3148] 00000000 : 15 03 01 00 02                                  : .....
System.Net.Sockets Verbose: 0 : [3148] Exiting Socket#34948909::Receive() 	-> 5#5
System.Net.Sockets Verbose: 0 : [3148] Socket#34948909::Receive()
System.Net.Sockets Verbose: 0 : [3148] Data from Socket#34948909::Receive
System.Net.Sockets Verbose: 0 : [3148] 00000005 : 02 28                                           : .(
System.Net.Sockets Verbose: 0 : [3148] Exiting Socket#34948909::Receive() 	-> 2#2
System.Net Information: 0 : [3148] InitializeSecurityContext(credential = System.Net.SafeFreeCredential_SECURITY, context = 2158320:1f0ee70, targetName = directory.securecode.com, inFlags = ReplayDetect, SequenceDetect, Confidentiality, AllocateMemory, InitManualCredValidation)
System.Net Information: 0 : [3148] InitializeSecurityContext(In-Buffers count=2, Out-Buffer length=0, returned code=IllegalMessage).
System.Net.Sockets Verbose: 0 : [3148] Socket#34948909::Dispose()
System.Net Error: 0 : [3148] Exception in the HttpWebRequest#48285313:: - The request was aborted: Could not create SSL/TLS secure channel.
System.Net Error: 0 : [3148] Exception in the HttpWebRequest#48285313::EndGetRequestStream - The request was aborted: Could not create SSL/TLS secure channel.
System.Net Verbose: 0 : [3148] WebRequest::Create(https://directory.securecode.com/)
System.Net Verbose: 0 : [3148] HttpWebRequest#33476626::HttpWebRequest(https://directory.securecode.com/#-861540656)
System.Net Verbose: 0 : [3148] Exiting HttpWebRequest#33476626::HttpWebRequest() 
System.Net Verbose: 0 : [3148] Exiting WebRequest::Create() 	-> HttpWebRequest#33476626
System.Net Verbose: 0 : [3148] HttpWebRequest#33476626::GetRequestStream()
System.Net Information: 0 : [3148] Associating HttpWebRequest#33476626 with ServicePoint#31914638
System.Net Information: 0 : [3148] Associating Connection#32854180 with HttpWebRequest#33476626
System.Net.Sockets Verbose: 0 : [3148] Socket#27252167::Socket(InterNetwork#2)
System.Net.Sockets Verbose: 0 : [3148] Exiting Socket#27252167::Socket() 
System.Net.Sockets Verbose: 0 : [3148] Socket#43942917::Socket(InterNetworkV6#23)
System.Net.Sockets Verbose: 0 : [3148] Exiting Socket#43942917::Socket() 
System.Net.Sockets Verbose: 0 : [3148] Socket#27252167::Connect(12:443#211490743)
System.Net.Sockets Verbose: 0 : [3148] Exiting Socket#27252167::Connect() 
System.Net.Sockets Verbose: 0 : [3148] Socket#43942917::Close()
System.Net.Sockets Verbose: 0 : [3148] Socket#43942917::Dispose()
System.Net.Sockets Verbose: 0 : [3148] Exiting Socket#43942917::Close() 
System.Net Information: 0 : [3148] TlsStream#59941933::.ctor(host=directory.securecode.com, #certs=1)
System.Net Information: 0 : [3148] Associating HttpWebRequest#33476626 with ConnectStream#2606490
System.Net Information: 0 : [3148] HttpWebRequest#33476626 - Request: POST / HTTP/1.1

System.Net Information: 0 : [3148] SecureChannel#23458411::.ctor(hostname=directory.securecode.com, #clientCertificates=1)
System.Net Information: 0 : [3148] SecureChannel#23458411 - Attempting to restart the session using the user-provided certificate: [Version]
  V3

[Subject]
  CN=rt03.Kasikornbank.com, OU=Retail and SME E-Business Department (RE)., O="541176:KASIKORNBANK PUBLIC CO.,LTD.", C=TH
  Simple Name: rt03.Kasikornbank.com
  DNS Name: rt03.Kasikornbank.com

[Issuer]
  CN=PRD MC SecureCode Acquirer Sub CA, OU=MasterCard Worldwide SecureCode Gen 2, O=MasterCard Worldwide, C=US
  Simple Name: PRD MC SecureCode Acquirer Sub CA
  DNS Name: PRD MC SecureCode Acquirer Sub CA

[Serial Number]
  105201CE33FFA440B6BF3A7D3BAAEC46

[Not Before]
  9/20/2012 4:57:33 PM

[Not After]
  6/20/2025 4:16:18 PM

[Thumbprint]
  0E93C36E5626C8131423CC57407F40379FD1ED11

[Signature Algorithm]
  sha1RSA(1.2.840.113549.1.1.5)

[Public Key]
  Algorithm: RSA
  Length: 2048
  Key Blob: 30 82 01 0a 02 82 01 01 00 ce af 7f d2 f0 ca f8 06 c5 1e 19 07 bf 4a 3b ef d0 b9 d9 e6 6e e8 a9 aa c2 5c 2e a5 de 62 d5 06 6a 80 f4 32 2f cc 5f ef fb aa a9 9b 5e 08 f1 ee 57 f3 bb 6d 71 d7 f5 d6 f8 3a 42 9c 25 97 a9 33 73 33 54 61 e9 ce 0f 07 7d 09 9e 46 c8 cf ....
System.Net Information: 0 : [3148] SecureChannel#23458411 - Left with 1 client certificates to choose from.
System.Net Information: 0 : [3148] SecureChannel#23458411 - Trying to find a matching certificate in the certificate store.
System.Net Information: 0 : [3148] SecureChannel#23458411 - Locating the private key for the certificate: [Version]
  V3

[Subject]
  CN=rt03.Kasikornbank.com, OU=Retail and SME E-Business Department (RE)., O="541176:KASIKORNBANK PUBLIC CO.,LTD.", C=TH
  Simple Name: rt03.Kasikornbank.com
  DNS Name: rt03.Kasikornbank.com

[Issuer]
  CN=PRD MC SecureCode Acquirer Sub CA, OU=MasterCard Worldwide SecureCode Gen 2, O=MasterCard Worldwide, C=US
  Simple Name: PRD MC SecureCode Acquirer Sub CA
  DNS Name: PRD MC SecureCode Acquirer Sub CA

[Serial Number]
  105201CE33FFA440B6BF3A7D3BAAEC46

[Not Before]
  9/20/2012 4:57:33 PM

[Not After]
  6/20/2025 4:16:18 PM

[Thumbprint]
  0E93C36E5626C8131423CC57407F40379FD1ED11

[Signature Algorithm]
  sha1RSA(1.2.840.113549.1.1.5)

[Public Key]
  Algorithm: RSA
  Length: 2048
  Key Blob: 30 82 01 0a 02 82 01 01 00 ce af 7f d2 f0 ca f8 06 c5 1e 19 07 bf 4a 3b ef d0 b9 d9 e6 6e e8 a9 aa c2 5c 2e a5 de 62 d5 06 6a 80 f4 32 2f cc 5f ef fb aa a9 9b 5e 08 f1 ee 57 f3 bb 6d 71 d7 f5 d6 f8 3a 42 9c 25 97 a9 33 73 33 54 61 e9 ce 0f 07 7d 09 9e 46 c8 cf ....
System.Net Information: 0 : [3148] SecureChannel#23458411 - Certificate is of type X509Certificate2 and contains the private key.
System.Net Information: 0 : [3148] AcquireCredentialsHandle(package = Microsoft Unified Security Protocol Provider, intent  = Outbound, scc     = System.Net.SecureCredential)
System.Net Information: 0 : [3148] InitializeSecurityContext(credential = System.Net.SafeFreeCredential_SECURITY, context = (null), targetName = directory.securecode.com, inFlags = ReplayDetect, SequenceDetect, Confidentiality, AllocateMemory, InitManualCredValidation)
System.Net Information: 0 : [3148] InitializeSecurityContext(In-Buffer length=0, Out-Buffer length=128, returned code=ContinueNeeded).
System.Net.Sockets Verbose: 0 : [3148] Socket#27252167::Send()
System.Net.Sockets Verbose: 0 : [3148] Data from Socket#27252167::Send
System.Net.Sockets Verbose: 0 : [3148] 00000000 : 16 03 01 00 7B 01 00 00-77 03 01 50 63 08 E1 EF : ....{...w..Pc...
System.Net.Sockets Verbose: 0 : [3148] 00000010 : 57 93 AB D2 23 B6 F4 7E-53 D7 9C EB D7 27 FB 1B : W...#..~S....'..
System.Net.Sockets Verbose: 0 : [3148] 00000020 : E6 87 49 09 AA EC 01 46-67 9A 40 00 00 18 00 2F : ..I....Fg.@..../
System.Net.Sockets Verbose: 0 : [3148] 00000030 : 00 35 00 05 00 0A C0 13-C0 14 C0 09 C0 0A 00 32 : .5.............2
System.Net.Sockets Verbose: 0 : [3148] 00000040 : 00 38 00 13 00 04 01 00-00 36 FF 01 00 01 00 00 : .8.......6......
System.Net.Sockets Verbose: 0 : [3148] 00000050 : 00 00 1D 00 1B 00 00 18-64 69 72 65 63 74 6F 72 : ........director
System.Net.Sockets Verbose: 0 : [3148] 00000060 : 79 2E 73 65 63 75 72 65-63 6F 64 65 2E 63 6F 6D : y.securecode.com
System.Net.Sockets Verbose: 0 : [3148] 00000070 : 00 0A 00 06 00 04 00 17-00 18 00 0B 00 02 01 00 : ................
System.Net.Sockets Verbose: 0 : [3148] Exiting Socket#27252167::Send() 	-> 128#128
System.Net.Sockets Verbose: 0 : [3148] Socket#27252167::Receive()
System.Net.Sockets Verbose: 0 : [3148] Data from Socket#27252167::Receive
System.Net.Sockets Verbose: 0 : [3148] 00000000 : 16 03 01 00 4A                                  : ....J
System.Net.Sockets Verbose: 0 : [3148] Exiting Socket#27252167::Receive() 	-> 5#5
System.Net.Sockets Verbose: 0 : [3148] Socket#27252167::Receive()
System.Net.Sockets Verbose: 0 : [3148] Data from Socket#27252167::Receive
System.Net.Sockets Verbose: 0 : [3148] 00000005 : 02 00 00 46 03 01 50 63-08 E6 DF 7D E7 9E 09 02 : ...F..Pc...}....
System.Net.Sockets Verbose: 0 : [3148] 00000015 : 9C AA 88 E3 7B 03 C2 DD-21 82 37 1D C3 69 C9 F1 : ....{...!.7..i..
System.Net.Sockets Verbose: 0 : [3148] 00000025 : 4B 72 98 AE 9E 27 20 8B-CE 66 F7 BB 7B 17 80 F8 : Kr...' ..f..{...
System.Net.Sockets Verbose: 0 : [3148] 00000035 : FD D9 D8 A2 67 29 1E 6E-66 AB 07 7C 00 51 35 C6 : ....g).nf..|.Q5.
System.Net.Sockets Verbose: 0 : [3148] 00000045 : 6D DA 58 CF D6 7D AB 00-05 00                   : m.X..}....
System.Net.Sockets Verbose: 0 : [3148] Exiting Socket#27252167::Receive() 	-> 74#74
System.Net Information: 0 : [3148] InitializeSecurityContext(credential = System.Net.SafeFreeCredential_SECURITY, context = 2158320:1d73b50, targetName = directory.securecode.com, inFlags = ReplayDetect, SequenceDetect, Confidentiality, AllocateMemory, InitManualCredValidation)
System.Net Information: 0 : [3148] InitializeSecurityContext(In-Buffers count=2, Out-Buffer length=0, returned code=ContinueNeeded).
System.Net.Sockets Verbose: 0 : [3148] Socket#27252167::Receive()
System.Net.Sockets Verbose: 0 : [3148] Data from Socket#27252167::Receive
System.Net.Sockets Verbose: 0 : [3148] 00000000 : 16 03 01 06 0B                                  : .....
System.Net.Sockets Verbose: 0 : [3148] Exiting Socket#27252167::Receive() 	-> 5#5
System.Net.Sockets Verbose: 0 : [3148] Socket#27252167::Receive()
System.Net.Sockets Verbose: 0 : [3148] Data from Socket#27252167::Receive
System.Net.Sockets Verbose: 0 : [3148] (printing 1024 out of 1326)
System.Net.Sockets Verbose: 0 : [3148] 00000005 : 0B 00 06 07 00 06 04 00-03 70 30 82 03 6C 30 82 : .........p0..l0.
System.Net.Sockets Verbose: 0 : [3148] 00000015 : 02 D5 A0 03 02 01 02 02-11 00 EC DA 80 6F D8 28 : .............o.(
System.Net.Sockets Verbose: 0 : [3148] 00000025 : 89 75 5A 92 E2 61 22 D3-6D 3A 30 0D 06 09 2A 86 : .uZ..a".m:0...*.
System.Net.Sockets Verbose: 0 : [3148] 00000035 : 48 86 F7 0D 01 01 05 05-00 30 81 85 31 0B 30 09 : H........0..1.0.
System.Net.Sockets Verbose: 0 : [3148] 00000045 : 06 03 55 04 06 13 02 55-53 31 1D 30 1B 06 03 55 : ..U....US1.0...U
System.Net.Sockets Verbose: 0 : [3148] 00000055 : 04 0A 13 14 4D 61 73 74-65 72 43 61 72 64 20 57 : ....MasterCard W
System.Net.Sockets Verbose: 0 : [3148] 00000065 : 6F 72 6C 64 77 69 64 65-31 39 30 37 06 03 55 04 : orldwide1907..U.
System.Net.Sockets Verbose: 0 : [3148] 00000075 : 0B 13 30 4D 61 73 74 65-72 43 61 72 64 20 57 6F : ..0MasterCard Wo
System.Net.Sockets Verbose: 0 : [3148] 00000085 : 72 6C 64 77 69 64 65 20-53 65 63 75 72 65 43 6F : rldwide SecureCo
System.Net.Sockets Verbose: 0 : [3148] 00000095 : 64 65 20 44 69 72 65 63-74 6F 72 79 20 53 65 72 : de Directory Ser
System.Net.Sockets Verbose: 0 : [3148] 000000A5 : 76 65 72 31 1C 30 1A 06-03 55 04 03 13 13 50 52 : ver1.0...U....PR
System.Net.Sockets Verbose: 0 : [3148] 000000B5 : 44 20 4D 43 20 44 69 72-65 63 74 6F 72 79 20 43 : D MC Directory C
System.Net.Sockets Verbose: 0 : [3148] 000000C5 : 41 30 1E 17 0D 30 39 30-31 31 33 31 30 35 30 30 : A0...09011310500
System.Net.Sockets Verbose: 0 : [3148] 000000D5 : 35 5A 17 0D 31 33 30 31-31 33 31 30 35 30 30 35 : 5Z..130113105005
System.Net.Sockets Verbose: 0 : [3148] 000000E5 : 5A 30 81 9A 31 0B 30 09-06 03 55 04 06 13 02 55 : Z0..1.0...U....U
System.Net.Sockets Verbose: 0 : [3148] 000000F5 : 53 31 11 30 0F 06 03 55-04 08 13 08 4D 69 73 73 : S1.0...U....Miss
System.Net.Sockets Verbose: 0 : [3148] 00000105 : 6F 75 72 69 31 14 30 12-06 03 55 04 07 13 0B 53 : ouri1.0...U....S
System.Net.Sockets Verbose: 0 : [3148] 00000115 : 61 69 6E 74 20 4C 6F 75-69 73 31 29 30 27 06 03 : aint Louis1)0'..
System.Net.Sockets Verbose: 0 : [3148] 00000125 : 55 04 0A 13 20 4D 61 73-74 65 72 63 61 72 64 20 : U... Mastercard 
System.Net.Sockets Verbose: 0 : [3148] 00000135 : 57 6F 72 6C 64 77 69 64-65 20 2D 20 44 69 72 65 : Worldwide - Dire
System.Net.Sockets Verbose: 0 : [3148] 00000145 : 63 74 6F 72 79 31 14 30-12 06 03 55 04 0B 13 0B : ctory1.0...U....
System.Net.Sockets Verbose: 0 : [3148] 00000155 : 50 72 6F 64 75 63 74 69-6F 6E 32 31 21 30 1F 06 : Production21!0..
System.Net.Sockets Verbose: 0 : [3148] 00000165 : 03 55 04 03 13 18 64 69-72 65 63 74 6F 72 79 2E : .U....directory.
System.Net.Sockets Verbose: 0 : [3148] 00000175 : 73 65 63 75 72 65 63 6F-64 65 2E 63 6F 6D 30 81 : securecode.com0.
System.Net.Sockets Verbose: 0 : [3148] 00000185 : 9F 30 0D 06 09 2A 86 48-86 F7 0D 01 01 01 05 00 : .0...*.H........
System.Net.Sockets Verbose: 0 : [3148] 00000195 : 03 81 8D 00 30 81 89 02-81 81 00 AB D1 1D FD A2 : ....0...........
System.Net.Sockets Verbose: 0 : [3148] 000001A5 : DE D8 76 4D 39 E1 4C 55-30 7E 6A 70 20 46 8A A4 : ..vM9.LU0~jp F..
System.Net.Sockets Verbose: 0 : [3148] 000001B5 : 05 F1 03 04 9B 4B FC 1E-DB 7B 81 A9 5C C1 12 66 : .....K...{..\..f
System.Net.Sockets Verbose: 0 : [3148] 000001C5 : E4 46 A3 87 07 CE 7F 0D-2F AE C1 42 6A 7C 69 46 : .F....../..Bj|iF
System.Net.Sockets Verbose: 0 : [3148] 000001D5 : A9 E2 A2 44 18 A9 74 45-84 50 3A E8 E6 62 3C BC : ...D..tE.P:..b<.
System.Net.Sockets Verbose: 0 : [3148] 000001E5 : 8B 47 63 35 9B 02 7A 10-90 8A BD EB 8C DC 7D 4D : .Gc5..z.......}M
System.Net.Sockets Verbose: 0 : [3148] 000001F5 : 41 9C 37 BB 4D 39 87 B8-4D 2F A7 4B FF 6D F0 7D : A.7.M9..M/.K.m.}
System.Net.Sockets Verbose: 0 : [3148] 00000205 : 05 6E B8 CD 49 BD 1D 06-88 D5 3E A9 18 C0 9D 26 : .n..I.....>....&
System.Net.Sockets Verbose: 0 : [3148] 00000215 : 18 5E 32 E7 55 89 1B 81-DE 64 35 02 03 01 00 01 : .^2.U....d5.....
System.Net.Sockets Verbose: 0 : [3148] 00000225 : A3 81 C4 30 81 C1 30 1D-06 03 55 1D 25 04 16 30 : ...0..0...U.%..0
System.Net.Sockets Verbose: 0 : [3148] 00000235 : 14 06 08 2B 06 01 05 05-07 03 02 06 08 2B 06 01 : ...+.........+..
System.Net.Sockets Verbose: 0 : [3148] 00000245 : 05 05 07 03 01 30 0C 06-03 55 1D 0F 04 05 03 03 : .....0...U......
System.Net.Sockets Verbose: 0 : [3148] 00000255 : 07 A0 00 30 4D 06 03 55-1D 20 04 46 30 44 30 42 : ...0M..U. .F0D0B
System.Net.Sockets Verbose: 0 : [3148] 00000265 : 06 09 2A 86 48 86 F7 0D-05 06 01 30 35 30 33 06 : ..*.H......0503.
System.Net.Sockets Verbose: 0 : [3148] 00000275 : 08 2B 06 01 05 05 07 02-01 16 27 68 74 74 70 3A : .+........'http:
System.Net.Sockets Verbose: 0 : [3148] 00000285 : 2F 2F 63 65 72 74 69 66-69 63 61 74 65 73 2E 6D : //certificates.m
System.Net.Sockets Verbose: 0 : [3148] 00000295 : 61 73 74 65 72 63 61 72-64 2E 63 6F 6D 2F 43 50 : astercard.com/CP
System.Net.Sockets Verbose: 0 : [3148] 000002A5 : 53 2F 30 09 06 03 55 1D-13 04 02 30 00 30 38 06 : S/0...U....0.08.
System.Net.Sockets Verbose: 0 : [3148] 000002B5 : 03 55 1D 1F 04 31 30 2F-30 2D A0 2B A0 29 86 27 : .U...10/0-.+.).'
System.Net.Sockets Verbose: 0 : [3148] 000002C5 : 68 74 74 70 3A 2F 2F 63-65 72 74 69 66 69 63 61 : http://certifica
System.Net.Sockets Verbose: 0 : [3148] 000002D5 : 74 65 73 2E 6D 61 73 74-65 72 63 61 72 64 2E 63 : tes.mastercard.c
System.Net.Sockets Verbose: 0 : [3148] 000002E5 : 6F 6D 2F 53 43 44 2F 30-0D 06 09 2A 86 48 86 F7 : om/SCD/0...*.H..
System.Net.Sockets Verbose: 0 : [3148] 000002F5 : 0D 01 01 05 05 00 03 81-81 00 4D 27 34 A5 E0 32 : ..........M'4..2
System.Net.Sockets Verbose: 0 : [3148] 00000305 : 97 75 D7 E3 11 AF 1A 45-73 C1 A0 3F 3C 26 F5 9A : .u.....Es..?<&..
System.Net.Sockets Verbose: 0 : [3148] 00000315 : 6C A3 E7 D1 1E 44 36 41-94 D4 A0 D2 55 48 43 96 : l....D6A....UHC.
System.Net.Sockets Verbose: 0 : [3148] 00000325 : 64 30 C1 FD C3 63 47 DD-30 BB D0 8A 04 CA E6 C1 : d0...cG.0.......
System.Net.Sockets Verbose: 0 : [3148] 00000335 : 58 9A B1 CA C8 B7 F6 D8-C8 FB 0B 07 A4 38 E8 D1 : X............8..
System.Net.Sockets Verbose: 0 : [3148] 00000345 : 4C 98 D7 C6 20 83 63 F9-B8 E8 17 6D 13 52 E9 15 : L... .c....m.R..
System.Net.Sockets Verbose: 0 : [3148] 00000355 : 67 51 97 14 01 66 49 56-A7 89 8A DF EA 83 12 C2 : gQ...fIV........
System.Net.Sockets Verbose: 0 : [3148] 00000365 : A0 B7 8D 54 36 0C 85 7C-BE 05 61 54 57 9C 8F 1F : ...T6..|..aTW...
System.Net.Sockets Verbose: 0 : [3148] 00000375 : 41 22 E2 C2 A1 63 85 BB-23 C6 00 02 8E 30 82 02 : A"...c..#....0..
System.Net.Sockets Verbose: 0 : [3148] 00000385 : 8A 30 82 01 F3 02 10 59-D5 68 37 26 E1 BE 86 95 : .0.....Y.h7&....
System.Net.Sockets Verbose: 0 : [3148] 00000395 : 37 AC F6 8E 3B 5B 18 30-0D 06 09 2A 86 48 86 F7 : 7...;[.0...*.H..
System.Net.Sockets Verbose: 0 : [3148] 000003A5 : 0D 01 01 05 05 00 30 81-85 31 0B 30 09 06 03 55 : ......0..1.0...U
System.Net.Sockets Verbose: 0 : [3148] 000003B5 : 04 06 13 02 55 53 31 1D-30 1B 06 03 55 04 0A 13 : ....US1.0...U...
System.Net.Sockets Verbose: 0 : [3148] 000003C5 : 14 4D 61 73 74 65 72 43-61 72 64 20 57 6F 72 6C : .MasterCard Worl
System.Net.Sockets Verbose: 0 : [3148] 000003D5 : 64 77 69 64 65 31 39 30-37 06 03 55 04 0B 13 30 : dwide1907..U...0
System.Net.Sockets Verbose: 0 : [3148] 000003E5 : 4D 61 73 74 65 72 43 61-72 64 20 57 6F 72 6C 64 : MasterCard World
System.Net.Sockets Verbose: 0 : [3148] 000003F5 : 77 69 64 65 20 53 65 63-75 72 65 43 6F 64 65 20 : wide SecureCode 
System.Net.Sockets Verbose: 0 : [3148] Exiting Socket#27252167::Receive() 	-> 1326#1326
System.Net.Sockets Verbose: 0 : [3148] Socket#27252167::Receive()
System.Net.Sockets Verbose: 0 : [3148] Data from Socket#27252167::Receive
System.Net.Sockets Verbose: 0 : [3148] 00000533 : A5 1B 22 CD 04 30 4A E9-BA A7 D9 B9 51 69 DE FF : .."..0J.....Qi..
System.Net.Sockets Verbose: 0 : [3148] 00000543 : A7 63 A0 7C C1 00 C9 EC-1E F6 D6 8C 55 7F E7 EB : .c.|........U...
System.Net.Sockets Verbose: 0 : [3148] 00000553 : 87 62 92 96 7C 3C C1 F6-B4 85 D5 B5 DC EB 76 AA : .b..|<........v.
System.Net.Sockets Verbose: 0 : [3148] 00000563 : E5 83 6C 8F 1F AD 2E D1-59 AF AE 53 D3 DA 7E C4 : ..l.....Y..S..~.
System.Net.Sockets Verbose: 0 : [3148] 00000573 : 74 DC 28 FD 7F 02 03 01-00 01 30 0D 06 09 2A 86 : t.(.......0...*.
System.Net.Sockets Verbose: 0 : [3148] 00000583 : 48 86 F7 0D 01 01 05 05-00 03 81 81 00 07 19 29 : H..............)
System.Net.Sockets Verbose: 0 : [3148] 00000593 : 89 E5 F5 C0 FB E1 ED FD-C2 2B 0A CD 1B 78 03 83 : .........+...x..
System.Net.Sockets Verbose: 0 : [3148] 000005A3 : C1 A7 F7 42 23 BE E8 2D-4D 82 54 2B 9B D5 59 8B : ...B#..-M.T+..Y.
System.Net.Sockets Verbose: 0 : [3148] 000005B3 : 1F 5C 70 02 06 AA FD 80-00 93 92 D6 0D 18 18 98 : .\p.............
System.Net.Sockets Verbose: 0 : [3148] 000005C3 : 5C 4C B3 1C C2 FC 32 B6-C3 7E E3 EC 65 FE F6 8B : \L....2..~..e...
System.Net.Sockets Verbose: 0 : [3148] 000005D3 : C2 B8 DC 40 43 8B 1B 17-69 A0 D4 35 77 B6 97 BB : ...@C...i..5w...
System.Net.Sockets Verbose: 0 : [3148] 000005E3 : 2B 19 69 B1 4A D9 F0 37-E0 09 57 5E 4F 65 03 78 : +.i.J..7..W^Oe.x
System.Net.Sockets Verbose: 0 : [3148] 000005F3 : 0C C8 C3 AC FC EB 42 44-8C 22 77 33 9F 69 21 E2 : ......BD."w3.i!.
System.Net.Sockets Verbose: 0 : [3148] 00000603 : 84 8A 75 31 63 80 B1 89-CE 5A AF 4C B1          : ..u1c....Z.L.
System.Net.Sockets Verbose: 0 : [3148] Exiting Socket#27252167::Receive() 	-> 221#221
System.Net Information: 0 : [3148] InitializeSecurityContext(credential = System.Net.SafeFreeCredential_SECURITY, context = 2158320:1d73b50, targetName = directory.securecode.com, inFlags = ReplayDetect, SequenceDetect, Confidentiality, AllocateMemory, InitManualCredValidation)
System.Net Information: 0 : [3148] InitializeSecurityContext(In-Buffers count=2, Out-Buffer length=0, returned code=ContinueNeeded).
System.Net.Sockets Verbose: 0 : [3148] Socket#27252167::Receive()
System.Net.Sockets Verbose: 0 : [3148] Data from Socket#27252167::Receive
System.Net.Sockets Verbose: 0 : [3148] 00000000 : 16 03 01 02 1A                                  : .....
System.Net.Sockets Verbose: 0 : [3148] Exiting Socket#27252167::Receive() 	-> 5#5
System.Net.Sockets Verbose: 0 : [3148] Socket#27252167::Receive()
System.Net.Sockets Verbose: 0 : [3148] Data from Socket#27252167::Receive
System.Net.Sockets Verbose: 0 : [3148] 00000005 : 0D 00 02 12 02 01 02 02-0D 00 A4 30 81 A1 31 0B : ...........0..1.
System.Net.Sockets Verbose: 0 : [3148] 00000015 : 30 09 06 03 55 04 06 13-02 55 53 31 21 30 1F 06 : 0...U....US1!0..
System.Net.Sockets Verbose: 0 : [3148] 00000025 : 03 55 04 0A 13 18 4D 61-73 74 65 72 43 61 72 64 : .U....MasterCard
System.Net.Sockets Verbose: 0 : [3148] 00000035 : 20 49 6E 74 65 72 6E 61-74 69 6F 6E 61 6C 31 32 :  International12
System.Net.Sockets Verbose: 0 : [3148] 00000045 : 30 30 06 03 55 04 0B 13-29 4D 61 73 74 65 72 43 : 00..U...)MasterC
System.Net.Sockets Verbose: 0 : [3148] 00000055 : 61 72 64 20 49 6E 74 65-72 6E 61 74 69 6F 6E 61 : ard Internationa
System.Net.Sockets Verbose: 0 : [3148] 00000065 : 6C 20 53 65 63 75 72 65-43 6F 64 65 20 47 65 6E : l SecureCode Gen
System.Net.Sockets Verbose: 0 : [3148] 00000075 : 20 31 31 3B 30 39 06 03-55 04 03 13 32 4D 61 73 :  11;09..U...2Mas
System.Net.Sockets Verbose: 0 : [3148] 00000085 : 74 65 72 43 61 72 64 20-53 65 63 75 72 65 43 6F : terCard SecureCo
System.Net.Sockets Verbose: 0 : [3148] 00000095 : 64 65 20 52 6F 6F 74 20-43 65 72 74 69 66 69 63 : de Root Certific
System.Net.Sockets Verbose: 0 : [3148] 000000A5 : 61 74 69 6F 6E 20 41 75-74 68 6F 72 69 74 79 00 : ation Authority.
System.Net.Sockets Verbose: 0 : [3148] 000000B5 : B1 30 81 AE 31 13 30 11-06 0A 09 92 26 89 93 F2 : .0..1.0.....&...
System.Net.Sockets Verbose: 0 : [3148] 000000C5 : 2C 64 01 19 16 03 63 6F-6D 31 1A 30 18 06 0A 09 : ,d....com1.0....
System.Net.Sockets Verbose: 0 : [3148] 000000D5 : 92 26 89 93 F2 2C 64 01-19 16 0A 6D 61 73 74 65 : .&...,d....maste
System.Net.Sockets Verbose: 0 : [3148] 000000E5 : 72 63 61 72 64 31 1D 30-1B 06 03 55 04 0A 13 14 : rcard1.0...U....
System.Net.Sockets Verbose: 0 : [3148] 000000F5 : 4D 61 73 74 65 72 43 61-72 64 20 57 6F 72 6C 64 : MasterCard World
System.Net.Sockets Verbose: 0 : [3148] 00000105 : 57 69 64 65 31 24 30 22-06 03 55 04 0B 13 1B 47 : Wide1$0"..U....G
System.Net.Sockets Verbose: 0 : [3148] 00000115 : 6C 6F 62 61 6C 20 49 6E-66 6F 72 6D 61 74 69 6F : lobal Informatio
System.Net.Sockets Verbose: 0 : [3148] 00000125 : 6E 20 53 65 63 75 72 69-74 79 31 36 30 34 06 03 : n Security1604..
System.Net.Sockets Verbose: 0 : [3148] 00000135 : 55 04 03 13 2D 50 52 44-20 4D 43 20 50 72 6F 64 : U...-PRD MC Prod
System.Net.Sockets Verbose: 0 : [3148] 00000145 : 75 63 74 69 6F 6E 20 4E-65 74 77 6F 72 6B 20 41 : uction Network A
System.Net.Sockets Verbose: 0 : [3148] 00000155 : 70 70 6C 69 63 61 74 69-6F 6E 73 20 73 75 62 20 : pplications sub 
System.Net.Sockets Verbose: 0 : [3148] 00000165 : 43 41 00 B2 30 81 AF 31-13 30 11 06 0A 09 92 26 : CA..0..1.0.....&
System.Net.Sockets Verbose: 0 : [3148] 00000175 : 89 93 F2 2C 64 01 19 16-03 63 6F 6D 31 1A 30 18 : ...,d....com1.0.
System.Net.Sockets Verbose: 0 : [3148] 00000185 : 06 0A 09 92 26 89 93 F2-2C 64 01 19 16 0A 6D 61 : ....&...,d....ma
System.Net.Sockets Verbose: 0 : [3148] 00000195 : 73 74 65 72 63 61 72 64-31 1D 30 1B 06 03 55 04 : stercard1.0...U.
System.Net.Sockets Verbose: 0 : [3148] 000001A5 : 0A 13 14 4D 61 73 74 65-72 43 61 72 64 20 57 6F : ...MasterCard Wo
System.Net.Sockets Verbose: 0 : [3148] 000001B5 : 72 6C 64 57 69 64 65 31-24 30 22 06 03 55 04 0B : rldWide1$0"..U..
System.Net.Sockets Verbose: 0 : [3148] 000001C5 : 13 1B 47 6C 6F 62 61 6C-20 49 6E 66 6F 72 6D 61 : ..Global Informa
System.Net.Sockets Verbose: 0 : [3148] 000001D5 : 74 69 6F 6E 20 53 65 63-75 72 69 74 79 31 37 30 : tion Security170
System.Net.Sockets Verbose: 0 : [3148] 000001E5 : 35 06 03 55 04 03 13 2E-50 52 44 20 4D 43 20 50 : 5..U....PRD MC P
System.Net.Sockets Verbose: 0 : [3148] 000001F5 : 72 6F 64 75 63 74 69 6F-6E 20 4E 65 74 77 6F 72 : roduction Networ
System.Net.Sockets Verbose: 0 : [3148] 00000205 : 6B 20 41 70 70 6C 69 63-61 74 69 6F 6E 73 20 72 : k Applications r
System.Net.Sockets Verbose: 0 : [3148] 00000215 : 6F 6F 74 20 43 41 0E 00-00 00                   : oot CA....
System.Net.Sockets Verbose: 0 : [3148] Exiting Socket#27252167::Receive() 	-> 538#538
System.Net Information: 0 : [3148] InitializeSecurityContext(credential = System.Net.SafeFreeCredential_SECURITY, context = 2158320:1d73b50, targetName = directory.securecode.com, inFlags = ReplayDetect, SequenceDetect, Confidentiality, AllocateMemory, InitManualCredValidation)
System.Net Information: 0 : [3148] InitializeSecurityContext(In-Buffers count=2, Out-Buffer length=0, returned code=CredentialsNeeded).
System.Net Information: 0 : [3148] SecureChannel#23458411 - We have user-provided certificates. The server has specified 3 issuer(s). Looking for certificates that match any of the issuers.
System.Net Information: 0 : [3148] SecureChannel#23458411 - Left with 0 client certificates to choose from.
System.Net Information: 0 : [3148] Using the cached credential handle.
System.Net Information: 0 : [3148] InitializeSecurityContext(credential = System.Net.SafeFreeCredential_SECURITY, context = 2158320:1d73b50, targetName = directory.securecode.com, inFlags = ReplayDetect, SequenceDetect, Confidentiality, AllocateMemory, InitManualCredValidation)
System.Net Information: 0 : [3148] InitializeSecurityContext(In-Buffers count=2, Out-Buffer length=193, returned code=ContinueNeeded).
System.Net.Sockets Verbose: 0 : [3148] Socket#27252167::Send()
System.Net.Sockets Verbose: 0 : [3148] Data from Socket#27252167::Send
System.Net.Sockets Verbose: 0 : [3148] 00000000 : 16 03 01 00 8D 0B 00 00-03 00 00 00 10 00 00 82 : ................
System.Net.Sockets Verbose: 0 : [3148] 00000010 : 00 80 9E 28 3D 65 11 D1-C3 E3 4A 87 26 32 89 2F : ...(=e....J.&2./
System.Net.Sockets Verbose: 0 : [3148] 00000020 : 0D 70 5D 56 F3 55 D6 6F-C4 46 25 5D B0 14 0A 8B : .p]V.U.o.F%]....
System.Net.Sockets Verbose: 0 : [3148] 00000030 : 34 0B 26 D5 05 55 87 A7-9C 5D CC 29 BC 2F 6D 97 : 4.&..U...].)./m.
System.Net.Sockets Verbose: 0 : [3148] 00000040 : 14 28 4F 17 04 CA 4A 0D-BE 13 7A 24 4E F3 06 C7 : .(O...J...z$N...
System.Net.Sockets Verbose: 0 : [3148] 00000050 : 89 A0 19 67 A9 17 02 17-91 E0 87 F8 CA 3C 98 78 : ...g.........<.x
System.Net.Sockets Verbose: 0 : [3148] 00000060 : E0 D2 14 04 75 AF A8 D8-18 26 1F 07 16 20 D4 46 : ....u....&... .F
System.Net.Sockets Verbose: 0 : [3148] 00000070 : 9D 7A 59 7F 99 4B 4A 51-36 0C 5E 07 E3 9A B3 A7 : .zY..KJQ6.^.....
System.Net.Sockets Verbose: 0 : [3148] 00000080 : 5C 06 00 F7 5B 98 D5 7C-AA 10 10 CA DA 86 85 D4 : \...[..|........
System.Net.Sockets Verbose: 0 : [3148] 00000090 : 49 CA 14 03 01 00 01 01-16 03 01 00 24 33 60 F5 : I...........$3`.
System.Net.Sockets Verbose: 0 : [3148] 000000A0 : BC 34 D0 F5 82 B6 27 B0-27 CF 19 06 47 BD C1 7D : .4....'.'...G..}
System.Net.Sockets Verbose: 0 : [3148] 000000B0 : 91 B0 A2 27 B4 BA E7 75-0C 14 22 29 77 E0 C6 7B : ...'...u..")w..{
System.Net.Sockets Verbose: 0 : [3148] 000000C0 : 3E                                              : >
System.Net.Sockets Verbose: 0 : [3148] Exiting Socket#27252167::Send() 	-> 193#193
System.Net.Sockets Verbose: 0 : [3148] Socket#27252167::Receive()
System.Net.Sockets Verbose: 0 : [3148] Data from Socket#27252167::Receive
System.Net.Sockets Verbose: 0 : [3148] 00000000 : 15 03 01 00 02                                  : .....
System.Net.Sockets Verbose: 0 : [3148] Exiting Socket#27252167::Receive() 	-> 5#5
System.Net.Sockets Verbose: 0 : [3148] Socket#27252167::Receive()
System.Net.Sockets Verbose: 0 : [3148] Data from Socket#27252167::Receive
System.Net.Sockets Verbose: 0 : [3148] 00000005 : 02 28                                           : .(
System.Net.Sockets Verbose: 0 : [3148] Exiting Socket#27252167::Receive() 	-> 2#2
System.Net Information: 0 : [3148] InitializeSecurityContext(credential = System.Net.SafeFreeCredential_SECURITY, context = 2158320:1d73b50, targetName = directory.securecode.com, inFlags = ReplayDetect, SequenceDetect, Confidentiality, AllocateMemory, InitManualCredValidation)
System.Net Information: 0 : [3148] InitializeSecurityContext(In-Buffers count=2, Out-Buffer length=0, returned code=IllegalMessage).
System.Net.Sockets Verbose: 0 : [3148] Socket#27252167::Dispose()
System.Net Error: 0 : [3148] Exception in the HttpWebRequest#33476626:: - The request was aborted: Could not create SSL/TLS secure channel.
System.Net Error: 0 : [3148] Exception in the HttpWebRequest#33476626::EndGetRequestStream - The request was aborted: Could not create SSL/TLS secure channel.
System.Net Verbose: 0 : [3148] WebRequest::Create(https://directory.securecode.com/)
System.Net Verbose: 0 : [3148] HttpWebRequest#9799115::HttpWebRequest(https://directory.securecode.com/#-861540656)
System.Net Verbose: 0 : [3148] Exiting HttpWebRequest#9799115::HttpWebRequest() 
System.Net Verbose: 0 : [3148] Exiting WebRequest::Create() 	-> HttpWebRequest#9799115
System.Net Verbose: 0 : [3148] HttpWebRequest#9799115::GetRequestStream()
System.Net Information: 0 : [3148] Associating HttpWebRequest#9799115 with ServicePoint#21083178
System.Net Information: 0 : [3148] Associating Connection#55530882 with HttpWebRequest#9799115
System.Net.Sockets Verbose: 0 : [3148] Socket#30015890::Socket(InterNetwork#2)
System.Net.Sockets Verbose: 0 : [3148] Exiting Socket#30015890::Socket() 
System.Net.Sockets Verbose: 0 : [3148] Socket#1707556::Socket(InterNetworkV6#23)
System.Net.Sockets Verbose: 0 : [3148] Exiting Socket#1707556::Socket() 
System.Net.Sockets Verbose: 0 : [3148] Socket#30015890::Connect(12:443#211490743)
System.Net.Sockets Verbose: 0 : [3148] Exiting Socket#30015890::Connect() 
System.Net.Sockets Verbose: 0 : [3148] Socket#1707556::Close()
System.Net.Sockets Verbose: 0 : [3148] Socket#1707556::Dispose()
System.Net.Sockets Verbose: 0 : [3148] Exiting Socket#1707556::Close() 
System.Net Information: 0 : [3148] TlsStream#15368010::.ctor(host=directory.securecode.com, #certs=1)
System.Net Information: 0 : [3148] Associating HttpWebRequest#9799115 with ConnectStream#4094363
System.Net Information: 0 : [3148] HttpWebRequest#9799115 - Request: POST / HTTP/1.1

System.Net Information: 0 : [3148] SecureChannel#36849274::.ctor(hostname=directory.securecode.com, #clientCertificates=1)
System.Net Information: 0 : [3148] SecureChannel#36849274 - Attempting to restart the session using the user-provided certificate: [Version]
  V3

[Subject]
  CN=rt03.Kasikornbank.com, OU=Retail and SME E-Business Department (RE)., O="541176:KASIKORNBANK PUBLIC CO.,LTD.", C=TH
  Simple Name: rt03.Kasikornbank.com
  DNS Name: rt03.Kasikornbank.com

[Issuer]
  CN=PRD MC SecureCode Acquirer Sub CA, OU=MasterCard Worldwide SecureCode Gen 2, O=MasterCard Worldwide, C=US
  Simple Name: PRD MC SecureCode Acquirer Sub CA
  DNS Name: PRD MC SecureCode Acquirer Sub CA

[Serial Number]
  105201CE33FFA440B6BF3A7D3BAAEC46

[Not Before]
  9/20/2012 4:57:33 PM

[Not After]
  6/20/2025 4:16:18 PM

[Thumbprint]
  0E93C36E5626C8131423CC57407F40379FD1ED11

[Signature Algorithm]
  sha1RSA(1.2.840.113549.1.1.5)

[Public Key]
  Algorithm: RSA
  Length: 2048
  Key Blob: 30 82 01 0a 02 82 01 01 00 ce af 7f d2 f0 ca f8 06 c5 1e 19 07 bf 4a 3b ef d0 b9 d9 e6 6e e8 a9 aa c2 5c 2e a5 de 62 d5 06 6a 80 f4 32 2f cc 5f ef fb aa a9 9b 5e 08 f1 ee 57 f3 bb 6d 71 d7 f5 d6 f8 3a 42 9c 25 97 a9 33 73 33 54 61 e9 ce 0f 07 7d 09 9e 46 c8 cf ....
System.Net Information: 0 : [3148] SecureChannel#36849274 - Left with 1 client certificates to choose from.
System.Net Information: 0 : [3148] SecureChannel#36849274 - Trying to find a matching certificate in the certificate store.
System.Net Information: 0 : [3148] SecureChannel#36849274 - Locating the private key for the certificate: [Version]
  V3

[Subject]
  CN=rt03.Kasikornbank.com, OU=Retail and SME E-Business Department (RE)., O="541176:KASIKORNBANK PUBLIC CO.,LTD.", C=TH
  Simple Name: rt03.Kasikornbank.com
  DNS Name: rt03.Kasikornbank.com

[Issuer]
  CN=PRD MC SecureCode Acquirer Sub CA, OU=MasterCard Worldwide SecureCode Gen 2, O=MasterCard Worldwide, C=US
  Simple Name: PRD MC SecureCode Acquirer Sub CA
  DNS Name: PRD MC SecureCode Acquirer Sub CA

[Serial Number]
  105201CE33FFA440B6BF3A7D3BAAEC46

[Not Before]
  9/20/2012 4:57:33 PM

[Not After]
  6/20/2025 4:16:18 PM

[Thumbprint]
  0E93C36E5626C8131423CC57407F40379FD1ED11

[Signature Algorithm]
  sha1RSA(1.2.840.113549.1.1.5)

[Public Key]
  Algorithm: RSA
  Length: 2048
  Key Blob: 30 82 01 0a 02 82 01 01 00 ce af 7f d2 f0 ca f8 06 c5 1e 19 07 bf 4a 3b ef d0 b9 d9 e6 6e e8 a9 aa c2 5c 2e a5 de 62 d5 06 6a 80 f4 32 2f cc 5f ef fb aa a9 9b 5e 08 f1 ee 57 f3 bb 6d 71 d7 f5 d6 f8 3a 42 9c 25 97 a9 33 73 33 54 61 e9 ce 0f 07 7d 09 9e 46 c8 cf ....
System.Net Information: 0 : [3148] SecureChannel#36849274 - Certificate is of type X509Certificate2 and contains the private key.
System.Net Information: 0 : [3148] AcquireCredentialsHandle(package = Microsoft Unified Security Protocol Provider, intent  = Outbound, scc     = System.Net.SecureCredential)
System.Net Information: 0 : [3148] InitializeSecurityContext(credential = System.Net.SafeFreeCredential_SECURITY, context = (null), targetName = directory.securecode.com, inFlags = ReplayDetect, SequenceDetect, Confidentiality, AllocateMemory, InitManualCredValidation)
System.Net Information: 0 : [3148] InitializeSecurityContext(In-Buffer length=0, Out-Buffer length=128, returned code=ContinueNeeded).
System.Net.Sockets Verbose: 0 : [3148] Socket#30015890::Send()
System.Net.Sockets Verbose: 0 : [3148] Data from Socket#30015890::Send
System.Net.Sockets Verbose: 0 : [3148] 00000000 : 16 03 01 00 7B 01 00 00-77 03 01 50 63 08 E6 61 : ....{...w..Pc..a
System.Net.Sockets Verbose: 0 : [3148] 00000010 : D8 27 B9 37 5F 39 DE B0-12 66 94 5C A6 97 C4 13 : .'.7_9...f.\....
System.Net.Sockets Verbose: 0 : [3148] 00000020 : 93 FB C6 5F 45 E2 0F DA-49 BE 7D 00 00 18 00 2F : ..._E...I.}..../
System.Net.Sockets Verbose: 0 : [3148] 00000030 : 00 35 00 05 00 0A C0 13-C0 14 C0 09 C0 0A 00 32 : .5.............2
System.Net.Sockets Verbose: 0 : [3148] 00000040 : 00 38 00 13 00 04 01 00-00 36 FF 01 00 01 00 00 : .8.......6......
System.Net.Sockets Verbose: 0 : [3148] 00000050 : 00 00 1D 00 1B 00 00 18-64 69 72 65 63 74 6F 72 : ........director
System.Net.Sockets Verbose: 0 : [3148] 00000060 : 79 2E 73 65 63 75 72 65-63 6F 64 65 2E 63 6F 6D : y.securecode.com
System.Net.Sockets Verbose: 0 : [3148] 00000070 : 00 0A 00 06 00 04 00 17-00 18 00 0B 00 02 01 00 : ................
System.Net.Sockets Verbose: 0 : [3148] Exiting Socket#30015890::Send() 	-> 128#128
System.Net.Sockets Verbose: 0 : [3148] Socket#30015890::Receive()
System.Net.Sockets Verbose: 0 : [3148] Data from Socket#30015890::Receive
System.Net.Sockets Verbose: 0 : [3148] 00000000 : 16 03 01 00 4A                                  : ....J
System.Net.Sockets Verbose: 0 : [3148] Exiting Socket#30015890::Receive() 	-> 5#5
System.Net.Sockets Verbose: 0 : [3148] Socket#30015890::Receive()
System.Net.Sockets Verbose: 0 : [3148] Data from Socket#30015890::Receive
System.Net.Sockets Verbose: 0 : [3148] 00000005 : 02 00 00 46 03 01 50 63-08 E9 84 4F FC 01 B4 29 : ...F..Pc...O...)
System.Net.Sockets Verbose: 0 : [3148] 00000015 : A8 D8 9B DC 35 2E 3A D9-27 08 F4 66 68 80 3B 76 : ....5.:.'..fh.;v
System.Net.Sockets Verbose: 0 : [3148] 00000025 : 2C 49 F2 5A 16 B7 20 BB-AD D7 4A 06 D4 81 AF E7 : ,I.Z.. ...J.....
System.Net.Sockets Verbose: 0 : [3148] 00000035 : 21 8A 4E BF 9B 81 A7 07-42 A3 31 77 1C AD A1 69 : !.N.....B.1w...i
System.Net.Sockets Verbose: 0 : [3148] 00000045 : DD BE DE 2C 8F 38 05 00-05 00                   : ...,.8....
System.Net.Sockets Verbose: 0 : [3148] Exiting Socket#30015890::Receive() 	-> 74#74
System.Net Information: 0 : [3148] InitializeSecurityContext(credential = System.Net.SafeFreeCredential_SECURITY, context = 2158320:1d73b50, targetName = directory.securecode.com, inFlags = ReplayDetect, SequenceDetect, Confidentiality, AllocateMemory, InitManualCredValidation)
System.Net Information: 0 : [3148] InitializeSecurityContext(In-Buffers count=2, Out-Buffer length=0, returned code=ContinueNeeded).
System.Net.Sockets Verbose: 0 : [3148] Socket#30015890::Receive()
System.Net.Sockets Verbose: 0 : [3148] Data from Socket#30015890::Receive
System.Net.Sockets Verbose: 0 : [3148] 00000000 : 16 03 01 06 0A                                  : .....
System.Net.Sockets Verbose: 0 : [3148] Exiting Socket#30015890::Receive() 	-> 5#5
System.Net.Sockets Verbose: 0 : [3148] Socket#30015890::Receive()
System.Net.Sockets Verbose: 0 : [3148] Data from Socket#30015890::Receive
System.Net.Sockets Verbose: 0 : [3148] (printing 1024 out of 1546)
System.Net.Sockets Verbose: 0 : [3148] 00000005 : 0B 00 06 06 00 06 03 00-03 6F 30 82 03 6B 30 82 : .........o0..k0.
System.Net.Sockets Verbose: 0 : [3148] 00000015 : 02 D4 A0 03 02 01 02 02-10 3C A2 AC 30 13 A0 5C : .........<..0..\
System.Net.Sockets Verbose: 0 : [3148] 00000025 : A8 FE 86 DF 6D 36 4C F6-3E 30 0D 06 09 2A 86 48 : ....m6L.>0...*.H
System.Net.Sockets Verbose: 0 : [3148] 00000035 : 86 F7 0D 01 01 05 05 00-30 81 85 31 0B 30 09 06 : ........0..1.0..
System.Net.Sockets Verbose: 0 : [3148] 00000045 : 03 55 04 06 13 02 55 53-31 1D 30 1B 06 03 55 04 : .U....US1.0...U.
System.Net.Sockets Verbose: 0 : [3148] 00000055 : 0A 13 14 4D 61 73 74 65-72 43 61 72 64 20 57 6F : ...MasterCard Wo
System.Net.Sockets Verbose: 0 : [3148] 00000065 : 72 6C 64 77 69 64 65 31-39 30 37 06 03 55 04 0B : rldwide1907..U..
System.Net.Sockets Verbose: 0 : [3148] 00000075 : 13 30 4D 61 73 74 65 72-43 61 72 64 20 57 6F 72 : .0MasterCard Wor
System.Net.Sockets Verbose: 0 : [3148] 00000085 : 6C 64 77 69 64 65 20 53-65 63 75 72 65 43 6F 64 : ldwide SecureCod
System.Net.Sockets Verbose: 0 : [3148] 00000095 : 65 20 44 69 72 65 63 74-6F 72 79 20 53 65 72 76 : e Directory Serv
System.Net.Sockets Verbose: 0 : [3148] 000000A5 : 65 72 31 1C 30 1A 06 03-55 04 03 13 13 50 52 44 : er1.0...U....PRD
System.Net.Sockets Verbose: 0 : [3148] 000000B5 : 20 4D 43 20 44 69 72 65-63 74 6F 72 79 20 43 41 :  MC Directory CA
System.Net.Sockets Verbose: 0 : [3148] 000000C5 : 30 1E 17 0D 30 39 30 31-31 33 31 30 35 32 32 31 : 0...090113105221
System.Net.Sockets Verbose: 0 : [3148] 000000D5 : 5A 17 0D 31 33 30 31 31-33 31 30 35 32 32 31 5A : Z..130113105221Z
System.Net.Sockets Verbose: 0 : [3148] 000000E5 : 30 81 9A 31 0B 30 09 06-03 55 04 06 13 02 55 53 : 0..1.0...U....US
System.Net.Sockets Verbose: 0 : [3148] 000000F5 : 31 11 30 0F 06 03 55 04-08 13 08 4D 69 73 73 6F : 1.0...U....Misso
System.Net.Sockets Verbose: 0 : [3148] 00000105 : 75 72 69 31 14 30 12 06-03 55 04 07 13 0B 53 61 : uri1.0...U....Sa
System.Net.Sockets Verbose: 0 : [3148] 00000115 : 69 6E 74 20 4C 6F 75 69-73 31 29 30 27 06 03 55 : int Louis1)0'..U
System.Net.Sockets Verbose: 0 : [3148] 00000125 : 04 0A 13 20 4D 61 73 74-65 72 63 61 72 64 20 57 : ... Mastercard W
System.Net.Sockets Verbose: 0 : [3148] 00000135 : 6F 72 6C 64 77 69 64 65-20 2D 20 44 69 72 65 63 : orldwide - Direc
System.Net.Sockets Verbose: 0 : [3148] 00000145 : 74 6F 72 79 31 14 30 12-06 03 55 04 0B 13 0B 50 : tory1.0...U....P
System.Net.Sockets Verbose: 0 : [3148] 00000155 : 72 6F 64 75 63 74 69 6F-6E 33 31 21 30 1F 06 03 : roduction31!0...
System.Net.Sockets Verbose: 0 : [3148] 00000165 : 55 04 03 13 18 64 69 72-65 63 74 6F 72 79 2E 73 : U....directory.s
System.Net.Sockets Verbose: 0 : [3148] 00000175 : 65 63 75 72 65 63 6F 64-65 2E 63 6F 6D 30 81 9F : ecurecode.com0..
System.Net.Sockets Verbose: 0 : [3148] 00000185 : 30 0D 06 09 2A 86 48 86-F7 0D 01 01 01 05 00 03 : 0...*.H.........
System.Net.Sockets Verbose: 0 : [3148] 00000195 : 81 8D 00 30 81 89 02 81-81 00 D7 71 AC 06 6B 8C : ...0.......q..k.
System.Net.Sockets Verbose: 0 : [3148] 000001A5 : 4C 12 C9 9C 19 F5 CF 5E-2F 2F 18 DD 28 A4 43 43 : L......^//..(.CC
System.Net.Sockets Verbose: 0 : [3148] 000001B5 : 80 57 B6 47 34 91 10 44-5B A5 A2 8F C6 05 D3 46 : .W.G4..D[......F
System.Net.Sockets Verbose: 0 : [3148] 000001C5 : 41 C2 0D 8F 11 CB E6 2F-08 F4 81 9B 92 25 F0 29 : A....../.....%.)
System.Net.Sockets Verbose: 0 : [3148] 000001D5 : 81 65 8F B0 A8 BD 46 7E-07 3D 33 F8 A7 67 7B 67 : .e....F~.=3..g{g
System.Net.Sockets Verbose: 0 : [3148] 000001E5 : 4F 15 56 0C 00 A9 E8 BF-E1 EF 9A EC 7E 88 9A 8D : O.V.........~...
System.Net.Sockets Verbose: 0 : [3148] 000001F5 : A5 E0 08 FD DE 46 E5 4C-07 A6 3C 86 15 A6 FA 2A : .....F.L..<....*
System.Net.Sockets Verbose: 0 : [3148] 00000205 : 54 5C 83 3A FA 25 DF AF-77 46 79 EA 8D 7C D3 82 : T\.:.%..wFy..|..
System.Net.Sockets Verbose: 0 : [3148] 00000215 : 20 30 58 5D 03 0D EE 7E-B5 69 02 03 01 00 01 A3 :  0X]...~.i......
System.Net.Sockets Verbose: 0 : [3148] 00000225 : 81 C4 30 81 C1 30 1D 06-03 55 1D 25 04 16 30 14 : ..0..0...U.%..0.
System.Net.Sockets Verbose: 0 : [3148] 00000235 : 06 08 2B 06 01 05 05 07-03 02 06 08 2B 06 01 05 : ..+.........+...
System.Net.Sockets Verbose: 0 : [3148] 00000245 : 05 07 03 01 30 0C 06 03-55 1D 0F 04 05 03 03 07 : ....0...U.......
System.Net.Sockets Verbose: 0 : [3148] 00000255 : A0 00 30 4D 06 03 55 1D-20 04 46 30 44 30 42 06 : ..0M..U. .F0D0B.
System.Net.Sockets Verbose: 0 : [3148] 00000265 : 09 2A 86 48 86 F7 0D 05-06 01 30 35 30 33 06 08 : .*.H......0503..
System.Net.Sockets Verbose: 0 : [3148] 00000275 : 2B 06 01 05 05 07 02 01-16 27 68 74 74 70 3A 2F : +........'http:/
System.Net.Sockets Verbose: 0 : [3148] 00000285 : 2F 63 65 72 74 69 66 69-63 61 74 65 73 2E 6D 61 : /certificates.ma
System.Net.Sockets Verbose: 0 : [3148] 00000295 : 73 74 65 72 63 61 72 64-2E 63 6F 6D 2F 43 50 53 : stercard.com/CPS
System.Net.Sockets Verbose: 0 : [3148] 000002A5 : 2F 30 09 06 03 55 1D 13-04 02 30 00 30 38 06 03 : /0...U....0.08..
System.Net.Sockets Verbose: 0 : [3148] 000002B5 : 55 1D 1F 04 31 30 2F 30-2D A0 2B A0 29 86 27 68 : U...10/0-.+.).'h
System.Net.Sockets Verbose: 0 : [3148] 000002C5 : 74 74 70 3A 2F 2F 63 65-72 74 69 66 69 63 61 74 : ttp://certificat
System.Net.Sockets Verbose: 0 : [3148] 000002D5 : 65 73 2E 6D 61 73 74 65-72 63 61 72 64 2E 63 6F : es.mastercard.co
System.Net.Sockets Verbose: 0 : [3148] 000002E5 : 6D 2F 53 43 44 2F 30 0D-06 09 2A 86 48 86 F7 0D : m/SCD/0...*.H...
System.Net.Sockets Verbose: 0 : [3148] 000002F5 : 01 01 05 05 00 03 81 81-00 79 72 D8 D0 88 32 46 : .........yr...2F
System.Net.Sockets Verbose: 0 : [3148] 00000305 : D0 3D 6E 7E 84 7D D1 82-E1 EB 6A CA 04 9B C8 2A : .=n~.}....j....*
System.Net.Sockets Verbose: 0 : [3148] 00000315 : BC 7A 84 6D AF 41 C7 25-2E 16 99 20 83 BB CD E1 : .z.m.A.%... ....
System.Net.Sockets Verbose: 0 : [3148] 00000325 : CC B7 D1 0C 9D 90 82 AE-08 A2 00 6F 6B 2D 06 2A : ...........ok-.*
System.Net.Sockets Verbose: 0 : [3148] 00000335 : 91 03 B9 B7 DD 6E B2 F8-42 0A 57 8D C8 4F 09 19 : .....n..B.W..O..
System.Net.Sockets Verbose: 0 : [3148] 00000345 : 54 84 57 11 42 7E 23 3E-1C 7C 7C 35 31 3B DF A3 : T.W.B~#>.||51;..
System.Net.Sockets Verbose: 0 : [3148] 00000355 : FF F1 06 C5 DA D6 CB FF-5C 46 7F 2E A8 17 35 94 : ........\F....5.
System.Net.Sockets Verbose: 0 : [3148] 00000365 : DA A6 C3 83 38 6D 44 44-B8 4C 9E A6 AF E6 09 A5 : ....8mDD.L......
System.Net.Sockets Verbose: 0 : [3148] 00000375 : A0 E3 ED AB 8A 68 C0 1F-1A 00 02 8E 30 82 02 8A : .....h......0...
System.Net.Sockets Verbose: 0 : [3148] 00000385 : 30 82 01 F3 02 10 59 D5-68 37 26 E1 BE 86 95 37 : 0.....Y.h7&....7
System.Net.Sockets Verbose: 0 : [3148] 00000395 : AC F6 8E 3B 5B 18 30 0D-06 09 2A 86 48 86 F7 0D : ...;[.0...*.H...
System.Net.Sockets Verbose: 0 : [3148] 000003A5 : 01 01 05 05 00 30 81 85-31 0B 30 09 06 03 55 04 : .....0..1.0...U.
System.Net.Sockets Verbose: 0 : [3148] 000003B5 : 06 13 02 55 53 31 1D 30-1B 06 03 55 04 0A 13 14 : ...US1.0...U....
System.Net.Sockets Verbose: 0 : [3148] 000003C5 : 4D 61 73 74 65 72 43 61-72 64 20 57 6F 72 6C 64 : MasterCard World
System.Net.Sockets Verbose: 0 : [3148] 000003D5 : 77 69 64 65 31 39 30 37-06 03 55 04 0B 13 30 4D : wide1907..U...0M
System.Net.Sockets Verbose: 0 : [3148] 000003E5 : 61 73 74 65 72 43 61 72-64 20 57 6F 72 6C 64 77 : asterCard Worldw
System.Net.Sockets Verbose: 0 : [3148] 000003F5 : 69 64 65 20 53 65 63 75-72 65 43 6F 64 65 20 44 : ide SecureCode D
System.Net.Sockets Verbose: 0 : [3148] Exiting Socket#30015890::Receive() 	-> 1546#1546
System.Net Information: 0 : [3148] InitializeSecurityContext(credential = System.Net.SafeFreeCredential_SECURITY, context = 2158320:1d73b50, targetName = directory.securecode.com, inFlags = ReplayDetect, SequenceDetect, Confidentiality, AllocateMemory, InitManualCredValidation)
System.Net Information: 0 : [3148] InitializeSecurityContext(In-Buffers count=2, Out-Buffer length=0, returned code=ContinueNeeded).
System.Net.Sockets Verbose: 0 : [3148] Socket#30015890::Receive()
System.Net.Sockets Verbose: 0 : [3148] Data from Socket#30015890::Receive
System.Net.Sockets Verbose: 0 : [3148] 00000000 : 16 03 01 02 1A                                  : .....
System.Net.Sockets Verbose: 0 : [3148] Exiting Socket#30015890::Receive() 	-> 5#5
System.Net.Sockets Verbose: 0 : [3148] Socket#30015890::Receive()
System.Net.Sockets Verbose: 0 : [3148] Data from Socket#30015890::Receive
System.Net.Sockets Verbose: 0 : [3148] 00000005 : 0D 00 02 12 02 01 02 02-0D 00 A4 30 81 A1 31 0B : ...........0..1.
System.Net.Sockets Verbose: 0 : [3148] 00000015 : 30 09 06 03 55 04 06 13-02 55 53 31 21 30 1F 06 : 0...U....US1!0..
System.Net.Sockets Verbose: 0 : [3148] 00000025 : 03 55 04 0A 13 18 4D 61-73 74 65 72 43 61 72 64 : .U....MasterCard
System.Net.Sockets Verbose: 0 : [3148] 00000035 : 20 49 6E 74 65 72 6E 61-74 69 6F 6E 61 6C 31 32 :  International12
System.Net.Sockets Verbose: 0 : [3148] 00000045 : 30 30 06 03 55 04 0B 13-29 4D 61 73 74 65 72 43 : 00..U...)MasterC
System.Net.Sockets Verbose: 0 : [3148] 00000055 : 61 72 64 20 49 6E 74 65-72 6E 61 74 69 6F 6E 61 : ard Internationa
System.Net.Sockets Verbose: 0 : [3148] 00000065 : 6C 20 53 65 63 75 72 65-43 6F 64 65 20 47 65 6E : l SecureCode Gen
System.Net.Sockets Verbose: 0 : [3148] 00000075 : 20 31 31 3B 30 39 06 03-55 04 03 13 32 4D 61 73 :  11;09..U...2Mas
System.Net.Sockets Verbose: 0 : [3148] 00000085 : 74 65 72 43 61 72 64 20-53 65 63 75 72 65 43 6F : terCard SecureCo
System.Net.Sockets Verbose: 0 : [3148] 00000095 : 64 65 20 52 6F 6F 74 20-43 65 72 74 69 66 69 63 : de Root Certific
System.Net.Sockets Verbose: 0 : [3148] 000000A5 : 61 74 69 6F 6E 20 41 75-74 68 6F 72 69 74 79 00 : ation Authority.
System.Net.Sockets Verbose: 0 : [3148] 000000B5 : B1 30 81 AE 31 13 30 11-06 0A 09 92 26 89 93 F2 : .0..1.0.....&...
System.Net.Sockets Verbose: 0 : [3148] 000000C5 : 2C 64 01 19 16 03 63 6F-6D 31 1A 30 18 06 0A 09 : ,d....com1.0....
System.Net.Sockets Verbose: 0 : [3148] 000000D5 : 92 26 89 93 F2 2C 64 01-19 16 0A 6D 61 73 74 65 : .&...,d....maste
System.Net.Sockets Verbose: 0 : [3148] 000000E5 : 72 63 61 72 64 31 1D 30-1B 06 03 55 04 0A 13 14 : rcard1.0...U....
System.Net.Sockets Verbose: 0 : [3148] 000000F5 : 4D 61 73 74 65 72 43 61-72 64 20 57 6F 72 6C 64 : MasterCard World
System.Net.Sockets Verbose: 0 : [3148] 00000105 : 57 69 64 65 31 24 30 22-06 03 55 04 0B 13 1B 47 : Wide1$0"..U....G
System.Net.Sockets Verbose: 0 : [3148] 00000115 : 6C 6F 62 61 6C 20 49 6E-66 6F 72 6D 61 74 69 6F : lobal Informatio
System.Net.Sockets Verbose: 0 : [3148] 00000125 : 6E 20 53 65 63 75 72 69-74 79 31 36 30 34 06 03 : n Security1604..
System.Net.Sockets Verbose: 0 : [3148] 00000135 : 55 04 03 13 2D 50 52 44-20 4D 43 20 50 72 6F 64 : U...-PRD MC Prod
System.Net.Sockets Verbose: 0 : [3148] 00000145 : 75 63 74 69 6F 6E 20 4E-65 74 77 6F 72 6B 20 41 : uction Network A
System.Net.Sockets Verbose: 0 : [3148] 00000155 : 70 70 6C 69 63 61 74 69-6F 6E 73 20 73 75 62 20 : pplications sub 
System.Net.Sockets Verbose: 0 : [3148] 00000165 : 43 41 00 B2 30 81 AF 31-13 30 11 06 0A 09 92 26 : CA..0..1.0.....&
System.Net.Sockets Verbose: 0 : [3148] 00000175 : 89 93 F2 2C 64 01 19 16-03 63 6F 6D 31 1A 30 18 : ...,d....com1.0.
System.Net.Sockets Verbose: 0 : [3148] 00000185 : 06 0A 09 92 26 89 93 F2-2C 64 01 19 16 0A 6D 61 : ....&...,d....ma
System.Net.Sockets Verbose: 0 : [3148] 00000195 : 73 74 65 72 63 61 72 64-31 1D 30 1B 06 03 55 04 : stercard1.0...U.
System.Net.Sockets Verbose: 0 : [3148] 000001A5 : 0A 13 14 4D 61 73 74 65-72 43 61 72 64 20 57 6F : ...MasterCard Wo
System.Net.Sockets Verbose: 0 : [3148] 000001B5 : 72 6C 64 57 69 64 65 31-24 30 22 06 03 55 04 0B : rldWide1$0"..U..
System.Net.Sockets Verbose: 0 : [3148] 000001C5 : 13 1B 47 6C 6F 62 61 6C-20 49 6E 66 6F 72 6D 61 : ..Global Informa
System.Net.Sockets Verbose: 0 : [3148] 000001D5 : 74 69 6F 6E 20 53 65 63-75 72 69 74 79 31 37 30 : tion Security170
System.Net.Sockets Verbose: 0 : [3148] 000001E5 : 35 06 03 55 04 03 13 2E-50 52 44 20 4D 43 20 50 : 5..U....PRD MC P
System.Net.Sockets Verbose: 0 : [3148] 000001F5 : 72 6F 64 75 63 74 69 6F-6E 20 4E 65 74 77 6F 72 : roduction Networ
System.Net.Sockets Verbose: 0 : [3148] 00000205 : 6B 20 41 70 70 6C 69 63-61 74 69 6F 6E 73 20 72 : k Applications r
System.Net.Sockets Verbose: 0 : [3148] 00000215 : 6F 6F 74 20 43 41 0E 00-00 00                   : oot CA....
System.Net.Sockets Verbose: 0 : [3148] Exiting Socket#30015890::Receive() 	-> 538#538
System.Net Information: 0 : [3148] InitializeSecurityContext(credential = System.Net.SafeFreeCredential_SECURITY, context = 2158320:1d73b50, targetName = directory.securecode.com, inFlags = ReplayDetect, SequenceDetect, Confidentiality, AllocateMemory, InitManualCredValidation)
System.Net Information: 0 : [3148] InitializeSecurityContext(In-Buffers count=2, Out-Buffer length=0, returned code=CredentialsNeeded).
System.Net Information: 0 : [3148] SecureChannel#36849274 - We have user-provided certificates. The server has specified 3 issuer(s). Looking for certificates that match any of the issuers.
System.Net Information: 0 : [3148] SecureChannel#36849274 - Left with 0 client certificates to choose from.
System.Net Information: 0 : [3148] Using the cached credential handle.
System.Net Information: 0 : [3148] InitializeSecurityContext(credential = System.Net.SafeFreeCredential_SECURITY, context = 2158320:1d73b50, targetName = directory.securecode.com, inFlags = ReplayDetect, SequenceDetect, Confidentiality, AllocateMemory, InitManualCredValidation)
System.Net Information: 0 : [3148] InitializeSecurityContext(In-Buffers count=2, Out-Buffer length=193, returned code=ContinueNeeded).
System.Net.Sockets Verbose: 0 : [3148] Socket#30015890::Send()
System.Net.Sockets Verbose: 0 : [3148] Data from Socket#30015890::Send
System.Net.Sockets Verbose: 0 : [3148] 00000000 : 16 03 01 00 8D 0B 00 00-03 00 00 00 10 00 00 82 : ................
System.Net.Sockets Verbose: 0 : [3148] 00000010 : 00 80 7B 64 69 6C A6 DA-B9 83 45 04 F8 01 B5 2E : ..{dil....E.....
System.Net.Sockets Verbose: 0 : [3148] 00000020 : 5C 10 F4 5C B5 85 D9 03-81 7A 68 BD 0F 37 C7 37 : \..\.....zh..7.7
System.Net.Sockets Verbose: 0 : [3148] 00000030 : 42 30 68 45 B2 31 27 87-84 B6 67 F4 D4 E6 8A 17 : B0hE.1'...g.....
System.Net.Sockets Verbose: 0 : [3148] 00000040 : 47 CE 20 93 1A 34 E2 5F-F8 39 23 E4 46 CC 8F 55 : G. ..4._.9#.F..U
System.Net.Sockets Verbose: 0 : [3148] 00000050 : 4A 8A 1B AB 5A 6F F1 07-FD 7F 22 38 0F 2C 80 07 : J...Zo...."8.,..
System.Net.Sockets Verbose: 0 : [3148] 00000060 : 04 92 B6 52 3B 05 C4 B8-D1 B0 DA C5 17 CB 61 6F : ...R;.........ao
System.Net.Sockets Verbose: 0 : [3148] 00000070 : 81 82 B6 4D 26 66 65 D9-1B 05 D1 9F 64 E5 89 F9 : ...M&fe.....d...
System.Net.Sockets Verbose: 0 : [3148] 00000080 : FF A5 05 1C BC 00 85 6A-66 B3 39 0B 42 36 71 30 : .......jf.9.B6q0
System.Net.Sockets Verbose: 0 : [3148] 00000090 : FD C2 14 03 01 00 01 01-16 03 01 00 24 01 F9 36 : ............$..6
System.Net.Sockets Verbose: 0 : [3148] 000000A0 : 49 2F 14 C0 34 DC 26 00-2F 62 8B 09 5B 23 DA 9F : I/..4.&./b..[#..
System.Net.Sockets Verbose: 0 : [3148] 000000B0 : 51 E7 6A 39 64 39 C2 F9-C2 94 25 16 6B D9 5D C3 : Q.j9d9....%.k.].
System.Net.Sockets Verbose: 0 : [3148] 000000C0 : 57                                              : W
System.Net.Sockets Verbose: 0 : [3148] Exiting Socket#30015890::Send() 	-> 193#193
System.Net.Sockets Verbose: 0 : [3148] Socket#30015890::Receive()
System.Net.Sockets Verbose: 0 : [3148] Data from Socket#30015890::Receive
System.Net.Sockets Verbose: 0 : [3148] 00000000 : 15 03 01 00 02                                  : .....
System.Net.Sockets Verbose: 0 : [3148] Exiting Socket#30015890::Receive() 	-> 5#5
System.Net.Sockets Verbose: 0 : [3148] Socket#30015890::Receive()
System.Net.Sockets Verbose: 0 : [3148] Data from Socket#30015890::Receive
System.Net.Sockets Verbose: 0 : [3148] 00000005 : 02 28                                           : .(
System.Net.Sockets Verbose: 0 : [3148] Exiting Socket#30015890::Receive() 	-> 2#2
System.Net Information: 0 : [3148] InitializeSecurityContext(credential = System.Net.SafeFreeCredential_SECURITY, context = 2158320:1d73b50, targetName = directory.securecode.com, inFlags = ReplayDetect, SequenceDetect, Confidentiality, AllocateMemory, InitManualCredValidation)
System.Net Information: 0 : [3148] InitializeSecurityContext(In-Buffers count=2, Out-Buffer length=0, returned code=IllegalMessage).
System.Net.Sockets Verbose: 0 : [3148] Socket#30015890::Dispose()
System.Net Error: 0 : [3148] Exception in the HttpWebRequest#9799115:: - The request was aborted: Could not create SSL/TLS secure channel.
System.Net Error: 0 : [3148] Exception in the HttpWebRequest#9799115::EndGetRequestStream - The request was aborted: Could not create SSL/TLS secure channel.
